<?xml version="1.0" encoding="utf-8"?><testsuites name="pytest tests"><testsuite name="pytest" errors="0" failures="0" skipped="0" tests="64" time="2.041" timestamp="2026-09-13T13:59:14.680241+02:00" hostname="JaydeMacBook-Air.local"><testcase classname="tests.test_material_service" name="test_open_read_save_confirm_are_not_parser_triggers" time="0.066" /><testcase classname="tests.test_material_service" name="test_source_replacement_keeps_pinned_original_and_human_history" time="0.025" /><testcase classname="tests.test_material_service" name="test_explicit_extract_runs_real_html_parser_candidate_only_and_retries" time="0.027" /><testcase classname="tests.test_material_service" name="test_worker_failure_keeps_saved_draft_and_explicit_retry" time="0.030" /><testcase classname="tests.test_material_service" name="test_source_unavailability_preserves_save_but_blocks_confirmation" time="0.017" /><testcase classname="tests.test_material_service" name="test_corrupt_pinned_original_blocks_reader_extract_and_confirmation" time="0.015" /><testcase classname="tests.test_material_service" name="test_store_open_receipt_retains_original_identity_after_upstream_change" time="0.025" /><testcase classname="tests.test_material_service" name="test_source_open_issue_without_legacy_id_blocks_confirmation_only_for_its_source" time="0.029" /><testcase classname="tests.test_material_service" name="test_explicit_legacy_service_import_preserves_effective_text_and_unresolved_issue" time="0.065" /><testcase classname="tests.test_material_service" name="test_source_timeout_preserves_partial_save_and_blocks_confirmation" time="0.016" /><testcase classname="tests.test_material_service" name="test_empty_parser_result_remains_repairable_without_claiming_complete" time="0.028" /><testcase classname="tests.test_material_service" name="test_partial_scope_evidence_survives_worker_restart_and_keeps_human_overlay" time="0.026" /><testcase classname="tests.test_materials" name="test_durable_save_reopen_and_material_isolation" time="0.018" /><testcase classname="tests.test_materials" name="test_concurrent_save_preserves_rejected_draft_and_receipt" time="0.015" /><testcase classname="tests.test_materials" name="test_confirmation_requires_all_original_ranges_and_human" time="0.013" /><testcase classname="tests.test_materials" name="test_unresolved_issue_and_association_review_guards" time="0.018" /><testcase classname="tests.test_materials" name="test_extract_never_replaces_human_content_or_confirmation" time="0.024" /><testcase classname="tests.test_materials" name="test_stale_processing_result_can_be_kept_but_not_adopted" time="0.016" /><testcase classname="tests.test_materials" name="test_partial_failure_restart_and_cross_material_binding" time="0.017" /><testcase classname="tests.test_materials" name="test_source_revision_preserves_human_versions_and_legacy_store" time="0.016" /><testcase classname="tests.test_materials" name="test_editor_structure_table_image_and_dependency_checks" time="0.000" /><testcase classname="tests.test_materials" name="test_future_contract_unavailable_and_confirmed_input_boundary" time="0.012" /><testcase classname="tests.test_materials" name="test_metadata_only_source_observation_and_historical_read" time="0.019" /><testcase classname="tests.test_materials" name="test_process_rejection_and_legacy_import_are_explicit" time="0.022" /><testcase classname="tests.test_materials" name="test_failed_candidate_and_pending_resume" time="0.018" /><testcase classname="tests.test_materials" name="test_simultaneous_writers_only_one_applies_and_other_draft_survives" time="0.027" /><testcase classname="tests.test_materials" name="test_changed_save_invalidates_affected_scope_not_empty_unaffected_page" time="0.014" /><testcase classname="tests.test_materials" name="test_first_candidate_is_editable_personal_draft_without_review" time="0.016" /><testcase classname="tests.test_material_collaboration" name="test_export_normalizes_head_history_and_preserves_candidate_evidence" time="0.025" /><testcase classname="tests.test_material_collaboration" name="test_seed_roundtrip_preserves_all_history_and_does_not_start_candidates" time="0.054" /><testcase classname="tests.test_material_collaboration" name="test_validate_rejects_entire_bad_history_without_writing[cross_source]" time="0.035" /><testcase classname="tests.test_material_collaboration" name="test_validate_rejects_entire_bad_history_without_writing[duplicate]" time="0.035" /><testcase classname="tests.test_material_collaboration" name="test_validate_rejects_entire_bad_history_without_writing[missing]" time="0.031" /><testcase classname="tests.test_material_collaboration" name="test_validate_rejects_entire_bad_history_without_writing[wrong_head]" time="0.033" /><testcase classname="tests.test_material_collaboration" name="test_validate_rejects_entire_bad_history_without_writing[different_scope]" time="0.037" /><testcase classname="tests.test_material_collaboration" name="test_validate_rejects_entire_bad_history_without_writing[bad_block]" time="0.047" /><testcase classname="tests.test_material_collaboration" name="test_validate_rejects_entire_bad_history_without_writing[bad_stamp]" time="0.037" /><testcase classname="tests.test_material_collaboration" name="test_seed_checks_real_original_scope_and_never_replaces_corrupt_existing_original" time="0.050" /><testcase classname="tests.test_material_collaboration" name="test_adoption_replay_is_durable_after_changed_source_and_conflict_is_preserved" time="0.031" /><testcase classname="tests.test_material_collaboration" name="test_adoption_checks_source_binding_and_handoff_again_before_commit" time="0.028" /><testcase classname="tests.test_material_collaboration" name="test_adoption_rejects_corrupt_pinned_original_and_cross_material_review" time="0.029" /><testcase classname="tests.test_material_collaboration" name="test_retained_checks_keep_original_reviewer_and_scope_but_never_global_confirmation" time="0.057" /><testcase classname="tests.test_material_collaboration" name="test_repeat_resolution_only_reuses_same_current_input_and_adds_auditable_history" time="0.051" /><testcase classname="tests.test_material_collaboration" name="test_imported_candidate_evidence_is_read_only_but_prior_decision_can_be_reused" time="0.094" /><testcase classname="tests.test_material_collaboration" name="test_candidate_evidence_from_other_material_rejected_before_seed" time="0.046" /><testcase classname="tests.test_material_provenance" name="test_old_adoption_provenance_survives_projection_reconstruction_without_history_rewrite" time="0.018" /><testcase classname="tests.test_material_provenance" name="test_cell_save_preserves_other_author_and_old_adoption_in_same_table" time="0.000" /><testcase classname="tests.test_material_provenance" name="test_structural_table_change_marks_whole_block_without_claiming_cell_correspondence" time="0.000" /><testcase classname="tests.test_material_provenance" name="test_new_adoption_stamps_only_pending_choice_not_unmodified_contributors" time="0.000" /><testcase classname="tests.test_material_provenance" name="test_direct_manual_merge_attributes_each_changed_block_and_preserves_other_fields" time="0.000" /><testcase classname="tests.test_material_impact" name="test_local_edit_keeps_other_checks_with_original_provenance" time="0.025" /><testcase classname="tests.test_material_impact" name="test_dependency_and_cross_page_table_expand_impact" time="0.019" /><testcase classname="tests.test_material_impact" name="test_heading_change_invalidates_descendants" time="0.022" /><testcase classname="tests.test_material_impact" name="test_unknown_reference_or_global_issue_requires_full_review" time="0.027" /><testcase classname="tests.test_material_impact" name="test_source_replacement_preserves_confirmation_only_as_history" time="0.022" /><testcase classname="tests.test_material_impact" name="test_reorder_and_candidate_merge_use_same_impact" time="0.026" /><testcase classname="tests.test_material_impact" name="test_legacy_checks_without_provenance_are_not_inherited" time="0.017" /><testcase classname="tests.test_material_impact" name="test_unchecking_scope_revokes_current_confirmation" time="0.029" /><testcase classname="tests.test_material_impact" name="test_withdrawing_association_check_revokes_confirmation" time="0.021" /><testcase classname="tests.test_material_impact" name="test_new_source_open_invalidates_checks_without_erasing_old_confirmation" time="0.021" /><testcase classname="tests.test_material_impact" name="test_long_dependency_chain_and_cycle_are_handled_without_recursion" time="0.044" /><testcase classname="tests.test_material_impact" name="test_return_to_prior_source_version_requires_new_confirmation" time="0.030" /><testcase classname="tests.test_material_impact" name="test_excluded_source_reincluded_never_reactivates_historical_confirmation" time="0.040" /><testcase classname="tests.test_material_impact" name="test_confirmation_cannot_override_explicitly_unchecked_associations" time="0.023" /></testsuite></testsuites>