<?xml version="1.0" encoding="utf-8"?><testsuites name="pytest tests"><testsuite name="pytest" errors="0" failures="0" skipped="1" tests="1073" time="403.316" timestamp="2026-09-13T12:28:54.116095+02:00" hostname="JaydeMacBook-Air.local"><testcase classname="tests.contracts.test_evidence_span_review_routing" name="test_low_confidence_resolved_span_still_routes_to_human" time="0.001" /><testcase classname="tests.contracts.test_evidence_span_review_routing" name="test_high_confidence_span_is_automatic_at_source_depth" time="0.000" /><testcase classname="tests.contracts.test_evidence_span_review_routing" name="test_strong_depth_does_not_auto_accept_without_independent_path" time="0.000" /><testcase classname="tests.contracts.test_excel_document" name="test_structure_and_sparse_hidden_content" time="0.013" /><testcase classname="tests.contracts.test_excel_document" name="test_independent_verifier_detects_tampering[drop_cell]" time="0.007" /><testcase classname="tests.contracts.test_excel_document" name="test_independent_verifier_detects_tampering[text]" time="0.007" /><testcase classname="tests.contracts.test_excel_document" name="test_independent_verifier_detects_tampering[formula]" time="0.006" /><testcase classname="tests.contracts.test_excel_document" name="test_independent_verifier_detects_tampering[merge]" time="0.008" /><testcase classname="tests.contracts.test_excel_document" name="test_independent_verifier_detects_tampering[hidden]" time="0.007" /><testcase classname="tests.contracts.test_excel_document" name="test_independent_verifier_detects_tampering[rows]" time="0.006" /><testcase classname="tests.contracts.test_excel_document" name="test_independent_verifier_detects_tampering[xml]" time="0.007" /><testcase classname="tests.contracts.test_excel_document" name="test_independent_verifier_detects_tampering[parts]" time="0.007" /><testcase classname="tests.contracts.test_excel_document" name="test_independent_verifier_detects_tampering[issue]" time="0.007" /><testcase classname="tests.contracts.test_excel_document" name="test_independent_verifier_detects_tampering[review]" time="0.006" /><testcase classname="tests.contracts.test_excel_document" name="test_independent_verifier_detects_tampering[order]" time="0.007" /><testcase classname="tests.contracts.test_excel_document" name="test_formula_cache_and_shared_formula_source_are_preserved" time="0.008" /><testcase classname="tests.contracts.test_excel_document" name="test_empty_workbook_fails_instead_of_empty_success" time="0.003" /><testcase classname="tests.contracts.test_excel_document" name="test_hash_mismatch" time="0.004" /><testcase classname="tests.contracts.test_excel_document" name="test_duplicate_coordinate_fails" time="0.006" /><testcase classname="tests.contracts.test_excel_document" name="test_pipeline_artifacts_and_failure_propagation" time="0.015" /><testcase classname="tests.contracts.test_excel_document" name="test_schema_matches_published_contract" time="0.003" /><testcase classname="tests.contracts.test_excel_document" name="test_rich_shared_string_and_empty_string_formula_cache" time="0.010" /><testcase classname="tests.contracts.test_excel_document" name="test_local_diagnostic_source_does_not_invent_registry_approval" time="0.006" /><testcase classname="tests.contracts.test_html_v2" name="test_v2_preserves_source_text_structure_and_independent_verification" time="0.008" /><testcase classname="tests.contracts.test_html_v2" name="test_verifier_detects_mutated_artifacts[drop_text]" time="0.002" /><testcase classname="tests.contracts.test_html_v2" name="test_verifier_detects_mutated_artifacts[change_text]" time="0.002" /><testcase classname="tests.contracts.test_html_v2" name="test_verifier_detects_mutated_artifacts[repeat_text]" time="0.002" /><testcase classname="tests.contracts.test_html_v2" name="test_verifier_detects_mutated_artifacts[drop_table]" time="0.002" /><testcase classname="tests.contracts.test_html_v2" name="test_verifier_detects_mutated_artifacts[change_cell]" time="0.002" /><testcase classname="tests.contracts.test_html_v2" name="test_verifier_detects_mutated_artifacts[drop_link]" time="0.002" /><testcase classname="tests.contracts.test_html_v2" name="test_verifier_detects_mutated_artifacts[shrink_root]" time="0.001" /><testcase classname="tests.contracts.test_html_v2" name="test_verifier_detects_mutated_artifacts[wrong_parent]" time="0.002" /><testcase classname="tests.contracts.test_html_v2" name="test_verifier_detects_mutated_artifacts[drop_node]" time="0.001" /><testcase classname="tests.contracts.test_html_v2" name="test_verifier_detects_mutated_artifacts[drop_list]" time="0.002" /><testcase classname="tests.contracts.test_html_v2" name="test_verifier_detects_mutated_artifacts[hide_comment]" time="0.002" /><testcase classname="tests.contracts.test_html_v2" name="test_verifier_detects_mutated_artifacts[wrong_link_target]" time="0.001" /><testcase classname="tests.contracts.test_html_v2" name="test_verifier_detects_mutated_artifacts[wrong_type]" time="0.001" /><testcase classname="tests.contracts.test_html_v2" name="test_verifier_detects_mutated_artifacts[wrong_heading_context]" time="0.001" /><testcase classname="tests.contracts.test_html_v2" name="test_verifier_detects_mutated_artifacts[wrong_role]" time="0.001" /><testcase classname="tests.contracts.test_html_v2" name="test_empty_body_and_unknown_template_fail_closed" time="0.000" /><testcase classname="tests.contracts.test_html_v2" name="test_asc_controls_hidden_footnotes_and_attributes_preserved" time="0.001" /><testcase classname="tests.contracts.test_html_v2" name="test_v2_batch_outputs_verified_canonical" time="0.007" /><testcase classname="tests.contracts.test_html_v2" name="test_nested_table_cells_belong_only_to_their_table" time="0.002" /><testcase classname="tests.contracts.test_html_v2" name="test_duplicate_targets_remain_ambiguous_and_active_links_blocked" time="0.002" /><testcase classname="tests.contracts.test_html_v2" name="test_empty_comment_parser_difference_is_normalized_only_for_comments" time="0.001" /><testcase classname="tests.contracts.test_html_v2" name="test_bad_span_is_explicit_not_silently_coerced" time="0.001" /><testcase classname="tests.contracts.test_html_v2" name="test_v2_published_schema_and_legacy_entry" time="0.004" /><testcase classname="tests.contracts.test_html_v2" name="test_whitespace_between_inline_nodes_is_not_silently_lost" time="0.002" /><testcase classname="tests.contracts.test_html_v2" name="test_independent_raw_tokens_detect_shared_dom_loss" time="0.002" /><testcase classname="tests.contracts.test_html_v2" name="test_source_indentation_is_preserved_for_raw_token_fidelity" time="0.001" /><testcase classname="tests.contracts.test_module_boundaries" name="test_contracts_do_not_depend_on_runtime_orchestration" time="0.007" /><testcase classname="tests.contracts.test_module_boundaries" name="test_verification_does_not_import_orchestrator_or_extractor_decisions" time="0.027" /><testcase classname="tests.contracts.test_namespace_layout" name="test_legacy_namespaces_are_facades_not_parallel_implementations" time="0.000" /><testcase classname="tests.contracts.test_namespace_layout" name="test_domain_and_delivery_compatibility_paths_share_implementations" time="2.782" /><testcase classname="tests.contracts.test_namespace_layout" name="test_internal_code_does_not_depend_on_legacy_namespace_facades" time="0.044" /><testcase classname="tests.contracts.test_nonpdf_regressions" name="test_chapter_intro_is_flagged_as_unrepresented" time="0.001" /><testcase classname="tests.contracts.test_nonpdf_regressions" name="test_parent_chapter_does_not_borrow_child_heading" time="0.001" /><testcase classname="tests.contracts.test_nonpdf_regressions" name="test_custom_metadata_selector_retains_fields" time="0.002" /><testcase classname="tests.contracts.test_nonpdf_regressions" name="test_nested_paragraphs_do_not_duplicate_child_text" time="0.001" /><testcase classname="tests.contracts.test_nonpdf_regressions" name="test_nested_list_text_not_duplicated" time="0.001" /><testcase classname="tests.contracts.test_nonpdf_regressions" name="test_bad_record_is_rejected_without_aborting_manifest" time="0.000" /><testcase classname="tests.contracts.test_nonpdf_regressions" name="test_xlsx_cannot_be_registered_as_xls" time="0.003" /><testcase classname="tests.contracts.test_nonpdf_regressions" name="test_json_serialization_failure_leaves_no_partial_file" time="0.000" /><testcase classname="tests.contracts.test_nonpdf_regressions" name="test_json_does_not_overwrite_existing" time="0.001" /><testcase classname="tests.contracts.test_nonpdf_regressions" name="test_excel_only_cli_works_outside_project_directory" time="0.283" /><testcase classname="tests.contracts.test_nonpdf_regressions" name="test_cli_missing_registry_writes_failure_receipt" time="0.213" /><testcase classname="tests.contracts.test_nonpdf_regressions" name="test_publish_failure_cleans_temporary_file" time="0.001" /><testcase classname="tests.contracts.test_nonpdf_structure_integrity" name="test_excel_uses_referenced_strings_not_conventional_filename" time="0.011" /><testcase classname="tests.contracts.test_nonpdf_structure_integrity" name="test_excel_verifier_rebuilds_reference_independently" time="0.036" /><testcase classname="tests.contracts.test_nonpdf_structure_integrity" name="test_invalid_string_part_target_fails_closed[../../outside.xml]" time="0.007" /><testcase classname="tests.contracts.test_nonpdf_structure_integrity" name="test_invalid_string_part_target_fails_closed[https://example.invalid/strings.xml]" time="0.007" /><testcase classname="tests.contracts.test_nonpdf_structure_integrity" name="test_invalid_string_part_target_fails_closed[strings/missing.xml]" time="0.007" /><testcase classname="tests.contracts.test_nonpdf_structure_integrity" name="test_missing_string_relationship_is_not_guessed" time="0.006" /><testcase classname="tests.contracts.test_nonpdf_structure_integrity" name="test_html_uncalibrated_policy_and_issue_inventory_are_verified[document]" time="0.002" /><testcase classname="tests.contracts.test_nonpdf_structure_integrity" name="test_html_uncalibrated_policy_and_issue_inventory_are_verified[table]" time="0.002" /><testcase classname="tests.contracts.test_nonpdf_structure_integrity" name="test_html_uncalibrated_policy_and_issue_inventory_are_verified[cell]" time="0.002" /><testcase classname="tests.contracts.test_nonpdf_structure_integrity" name="test_html_uncalibrated_policy_and_issue_inventory_are_verified[list]" time="0.001" /><testcase classname="tests.contracts.test_nonpdf_structure_integrity" name="test_html_uncalibrated_policy_and_issue_inventory_are_verified[issues]" time="0.001" /><testcase classname="tests.contracts.test_nonpdf_structure_integrity" name="test_rowspan_zero_stops_at_own_row_group" time="0.001" /><testcase classname="tests.contracts.test_nonpdf_structure_integrity" name="test_overlapping_cells_preserve_source_and_review_problem" time="0.001" /><testcase classname="tests.contracts.test_nonpdf_structure_integrity" name="test_bad_span_keeps_all_unresolved_coordinates_unknown" time="0.001" /><testcase classname="tests.contracts.test_nonpdf_structure_integrity" name="test_excel_broken_formula_and_merge_relationships_are_explicit[missing_anchor-shared_formula_anchor_missing:]" time="0.009" /><testcase classname="tests.contracts.test_nonpdf_structure_integrity" name="test_excel_broken_formula_and_merge_relationships_are_explicit[outside_anchor-shared_formula_outside_anchor_range:]" time="0.008" /><testcase classname="tests.contracts.test_nonpdf_structure_integrity" name="test_excel_broken_formula_and_merge_relationships_are_explicit[overlap_merge-overlapping_merge:]" time="0.008" /><testcase classname="tests.contracts.test_nonpdf_structure_integrity" name="test_excel_broken_formula_and_merge_relationships_are_explicit[invalid_merge-invalid_merge_range:]" time="0.008" /><testcase classname="tests.contracts.test_source_assessment" name="test_original_only_miss_duplicates_and_localization_are_separate" time="0.000" /><testcase classname="tests.contracts.test_source_assessment" name="test_partial_review_never_gets_quality_metrics[&lt;lambda&gt;-original_region_review_incomplete]" time="0.000" /><testcase classname="tests.contracts.test_source_assessment" name="test_partial_review_never_gets_quality_metrics[&lt;lambda&gt;-output_review_incomplete]" time="0.000" /><testcase classname="tests.contracts.test_source_assessment" name="test_partial_review_never_gets_quality_metrics[&lt;lambda&gt;-finding_adjudication_incomplete]" time="0.000" /><testcase classname="tests.contracts.test_source_assessment" name="test_partial_review_never_gets_quality_metrics[&lt;lambda&gt;-assessment_has_unresolved_questions]" time="0.000" /><testcase classname="tests.contracts.test_source_assessment" name="test_partial_review_never_gets_quality_metrics[&lt;lambda&gt;-assessment_not_complete]" time="0.000" /><testcase classname="tests.contracts.test_source_assessment" name="test_partial_review_never_gets_quality_metrics[&lt;lambda&gt;-original_page_survey_incomplete]" time="0.000" /><testcase classname="tests.contracts.test_source_assessment" name="test_mismatches_and_double_counting_are_rejected[&lt;lambda&gt;-reference_binding_mismatch]" time="0.000" /><testcase classname="tests.contracts.test_source_assessment" name="test_mismatches_and_double_counting_are_rejected[&lt;lambda&gt;-output_binding_mismatch]" time="0.000" /><testcase classname="tests.contracts.test_source_assessment" name="test_mismatches_and_double_counting_are_rejected[&lt;lambda&gt;-verification_binding_mismatch]" time="0.000" /><testcase classname="tests.contracts.test_source_assessment" name="test_mismatches_and_double_counting_are_rejected[&lt;lambda&gt;-source_binding_mismatch]" time="0.000" /><testcase classname="tests.contracts.test_source_assessment" name="test_mismatches_and_double_counting_are_rejected[&lt;lambda&gt;-critical_token_cannot_be_downgraded]" time="0.000" /><testcase classname="tests.contracts.test_source_assessment" name="test_mismatches_and_double_counting_are_rejected[&lt;lambda&gt;-one_error_cannot_credit_multiple_findings]" time="0.000" /><testcase classname="tests.contracts.test_source_assessment" name="test_mismatches_and_double_counting_are_rejected[&lt;lambda&gt;-error_evidence_reference_missing]" time="0.000" /><testcase classname="tests.contracts.test_source_assessment" name="test_no_events_is_unknown_not_perfect" time="0.000" /><testcase classname="tests.contracts.test_source_assessment" name="test_wrong_page_and_support_only_error_cannot_change_denominator" time="0.000" /><testcase classname="tests.contracts.test_source_assessment" name="test_file_claim_of_human_authority_does_not_authenticate_independence" time="0.000" /><testcase classname="tests.contracts.test_source_assessment" name="test_offline_cli_binds_original_and_does_not_replace_evidence" time="0.003" /><testcase classname="tests.contracts.test_source_content" name="test_asc_fields_notes_and_conditional_source_state" time="0.003" /><testcase classname="tests.contracts.test_source_content" name="test_annex_table_cells_keep_geometry_nested_ownership_and_notes" time="0.002" /><testcase classname="tests.contracts.test_source_content" name="test_complete_literal_content_and_nontext_evidence_accounting" time="0.002" /><testcase classname="tests.contracts.test_source_content" name="test_independent_verifier_detects_missing_or_misassociated_content[drop_cell]" time="0.002" /><testcase classname="tests.contracts.test_source_content" name="test_independent_verifier_detects_missing_or_misassociated_content[swap_cell_fields]" time="0.002" /><testcase classname="tests.contracts.test_source_content" name="test_independent_verifier_detects_missing_or_misassociated_content[drop_structure]" time="0.003" /><testcase classname="tests.contracts.test_source_content" name="test_independent_verifier_detects_missing_or_misassociated_content[wrong_geometry]" time="0.002" /><testcase classname="tests.contracts.test_source_content" name="test_independent_verifier_detects_missing_or_misassociated_content[wrong_scope]" time="0.002" /><testcase classname="tests.contracts.test_source_content" name="test_independent_verifier_detects_missing_or_misassociated_content[drop_note]" time="0.002" /><testcase classname="tests.contracts.test_source_content" name="test_independent_verifier_detects_missing_or_misassociated_content[drop_image]" time="0.002" /><testcase classname="tests.contracts.test_source_content" name="test_independent_verifier_detects_missing_or_misassociated_content[drop_link]" time="0.002" /><testcase classname="tests.contracts.test_source_content" name="test_independent_verifier_detects_missing_or_misassociated_content[drop_inactive]" time="0.002" /><testcase classname="tests.contracts.test_source_content" name="test_independent_verifier_detects_missing_or_misassociated_content[mutate_applicability]" time="0.002" /><testcase classname="tests.contracts.test_source_content" name="test_independent_verifier_detects_missing_or_misassociated_content[merge_runs]" time="0.002" /><testcase classname="tests.contracts.test_source_content" name="test_independent_verifier_detects_missing_or_misassociated_content[reorder]" time="0.002" /><testcase classname="tests.contracts.test_source_content" name="test_independent_verifier_detects_missing_or_misassociated_content[drop_residual]" time="0.002" /><testcase classname="tests.contracts.test_source_content" name="test_missing_asc_field_and_nested_indicator_are_preserved" time="0.002" /><testcase classname="tests.contracts.test_source_content" name="test_asc_appendix_alternate_source_columns[]" time="0.002" /><testcase classname="tests.contracts.test_source_content" name="test_asc_appendix_alternate_source_columns[&lt;p&gt;Indicator applicability: land-based systems&lt;/p&gt;]" time="0.002" /><testcase classname="tests.contracts.test_source_content" name="test_excel_fields_and_version_one_contract_stay_compatible" time="0.005" /><testcase classname="tests.contracts.test_source_intake" name="test_structure_deterministic_no_global_state_and_ancestry" time="0.004" /><testcase classname="tests.contracts.test_source_intake" name="test_html_fails_explicitly[&lt;html&gt;&lt;body&gt;Different&lt;/body&gt;&lt;/html&gt;-template_mismatch]" time="0.000" /><testcase classname="tests.contracts.test_source_intake" name="test_html_fails_explicitly[&lt;html&gt;&lt;body&gt;&lt;div id=&quot;documentMeta&quot;&gt;&lt;h1&gt;Example&lt;/h1&gt;&lt;table class=&quot;meta&quot;&gt;&lt;tr&gt;&lt;th&gt;Dato&lt;/th&gt;&lt;td&gt;2026&lt;/td&gt;&lt;/tr&gt;&lt;/table&gt;&lt;/div&gt;&lt;div id=&quot;documentBody&quot;&gt;&lt;div class=&quot;kapittel&quot; id=&quot;k1&quot;&gt;&lt;h2&gt;Chapter&lt;/h2&gt;&lt;div class=&quot;paragraf&quot; id=&quot;p1&quot;&gt;&lt;span class=&quot;paragrafValue&quot;&gt;1&lt;/span&gt;&lt;p&gt;\xff must be inspected &lt;a class=&quot;reference&quot; data-id=&quot;lov/1&quot;&gt;daily&lt;/a&gt;.&lt;/p&gt;&lt;/div&gt;&lt;/div&gt;&lt;div class=&quot;paragraf&quot; id=&quot;p2&quot;&gt;&lt;p&gt;Standalone.&lt;/p&gt;&lt;/div&gt;&lt;/div&gt;&lt;/body&gt;&lt;/html&gt;-decode_failed]" time="0.000" /><testcase classname="tests.contracts.test_source_intake" name="test_html_fails_explicitly[&lt;html&gt;&lt;body&gt;&lt;div id=&quot;documentMeta&quot;&gt;&lt;h1&gt;Example&lt;/h1&gt;&lt;table class=&quot;meta&quot;&gt;&lt;tr&gt;&lt;th&gt;Dato&lt;/th&gt;&lt;td&gt;2026&lt;/td&gt;&lt;/tr&gt;&lt;/table&gt;&lt;/div&gt;&lt;div id=&quot;documentBody&quot;&gt;&lt;div class=&quot;kapittel&quot; id=&quot;k1&quot;&gt;&lt;h2&gt;Chapter&lt;/h2&gt;&lt;div class=&quot;other&quot; id=&quot;p1&quot;&gt;&lt;span class=&quot;paragrafValue&quot;&gt;1&lt;/span&gt;&lt;p&gt;Fish must be inspected &lt;a class=&quot;reference&quot; data-id=&quot;lov/1&quot;&gt;daily&lt;/a&gt;.&lt;/p&gt;&lt;/div&gt;&lt;/div&gt;&lt;div class=&quot;other&quot; id=&quot;p2&quot;&gt;&lt;p&gt;Standalone.&lt;/p&gt;&lt;/div&gt;&lt;/div&gt;&lt;/body&gt;&lt;/html&gt;-empty_result]" time="0.000" /><testcase classname="tests.contracts.test_source_intake" name="test_html_fails_explicitly[&lt;html&gt;&lt;body&gt;&lt;div id=&quot;documentMeta&quot;&gt;&lt;h1&gt;Example&lt;/h1&gt;&lt;table class=&quot;meta&quot;&gt;&lt;tr&gt;&lt;th&gt;Dato&lt;/th&gt;&lt;td&gt;2026&lt;/td&gt;&lt;/tr&gt;&lt;/table&gt;&lt;/div&gt;&lt;div id=&quot;documentBody&quot;&gt;&lt;div class=&quot;kapittel&quot; data-level=&quot;bad&quot; id=&quot;k1&quot;&gt;&lt;h2&gt;Chapter&lt;/h2&gt;&lt;div class=&quot;paragraf&quot; id=&quot;p1&quot;&gt;&lt;span class=&quot;paragrafValue&quot;&gt;1&lt;/span&gt;&lt;p&gt;Fish must be inspected &lt;a class=&quot;reference&quot; data-id=&quot;lov/1&quot;&gt;daily&lt;/a&gt;.&lt;/p&gt;&lt;/div&gt;&lt;/div&gt;&lt;div class=&quot;paragraf&quot; id=&quot;p2&quot;&gt;&lt;p&gt;Standalone.&lt;/p&gt;&lt;/div&gt;&lt;/div&gt;&lt;/body&gt;&lt;/html&gt;-invalid_structure_level]" time="0.000" /><testcase classname="tests.contracts.test_source_intake" name="test_ineligible_rows_never_read_snapshot[operator_selection_decision-EXCLUDE]" time="0.000" /><testcase classname="tests.contracts.test_source_intake" name="test_ineligible_rows_never_read_snapshot[selection_status-None]" time="0.000" /><testcase classname="tests.contracts.test_source_intake" name="test_ineligible_rows_never_read_snapshot[snapshot_status-MISSING]" time="0.000" /><testcase classname="tests.contracts.test_source_intake" name="test_ineligible_rows_never_read_snapshot[source_status-SUPERSEDED]" time="0.000" /><testcase classname="tests.contracts.test_source_intake" name="test_ineligible_rows_never_read_snapshot[download_status-FAILED]" time="0.000" /><testcase classname="tests.contracts.test_source_intake" name="test_manifest_hash_and_selected_only" time="0.001" /><testcase classname="tests.contracts.test_source_intake" name="test_unsafe_path_rejected[../outside-x.html]" time="0.000" /><testcase classname="tests.contracts.test_source_intake" name="test_unsafe_path_rejected[/tmp-x.html]" time="0.000" /><testcase classname="tests.contracts.test_source_intake" name="test_unsafe_path_rejected[A-../../x.html]" time="0.000" /><testcase classname="tests.contracts.test_source_intake" name="test_symlink_escape_rejected" time="0.000" /><testcase classname="tests.contracts.test_source_intake" name="test_format_mismatches[x.pdf-pdf-&lt;html&gt;&lt;body&gt;&lt;div id=&quot;documentMeta&quot;&gt;&lt;h1&gt;Example&lt;/h1&gt;&lt;table class=&quot;meta&quot;&gt;&lt;tr&gt;&lt;th&gt;Dato&lt;/th&gt;&lt;td&gt;2026&lt;/td&gt;&lt;/tr&gt;&lt;/table&gt;&lt;/div&gt;&lt;div id=&quot;documentBody&quot;&gt;&lt;div class=&quot;kapittel&quot; id=&quot;k1&quot;&gt;&lt;h2&gt;Chapter&lt;/h2&gt;&lt;div class=&quot;paragraf&quot; id=&quot;p1&quot;&gt;&lt;span class=&quot;paragrafValue&quot;&gt;1&lt;/span&gt;&lt;p&gt;Fish must be inspected &lt;a class=&quot;reference&quot; data-id=&quot;lov/1&quot;&gt;daily&lt;/a&gt;.&lt;/p&gt;&lt;/div&gt;&lt;/div&gt;&lt;div class=&quot;paragraf&quot; id=&quot;p2&quot;&gt;&lt;p&gt;Standalone.&lt;/p&gt;&lt;/div&gt;&lt;/div&gt;&lt;/body&gt;&lt;/html&gt;]" time="0.000" /><testcase classname="tests.contracts.test_source_intake" name="test_format_mismatches[x.html-html-%PDF-1.7]" time="0.000" /><testcase classname="tests.contracts.test_source_intake" name="test_format_mismatches[x.html-pdf-&lt;html&gt;&lt;body&gt;&lt;div id=&quot;documentMeta&quot;&gt;&lt;h1&gt;Example&lt;/h1&gt;&lt;table class=&quot;meta&quot;&gt;&lt;tr&gt;&lt;th&gt;Dato&lt;/th&gt;&lt;td&gt;2026&lt;/td&gt;&lt;/tr&gt;&lt;/table&gt;&lt;/div&gt;&lt;div id=&quot;documentBody&quot;&gt;&lt;div class=&quot;kapittel&quot; id=&quot;k1&quot;&gt;&lt;h2&gt;Chapter&lt;/h2&gt;&lt;div class=&quot;paragraf&quot; id=&quot;p1&quot;&gt;&lt;span class=&quot;paragrafValue&quot;&gt;1&lt;/span&gt;&lt;p&gt;Fish must be inspected &lt;a class=&quot;reference&quot; data-id=&quot;lov/1&quot;&gt;daily&lt;/a&gt;.&lt;/p&gt;&lt;/div&gt;&lt;/div&gt;&lt;div class=&quot;paragraf&quot; id=&quot;p2&quot;&gt;&lt;p&gt;Standalone.&lt;/p&gt;&lt;/div&gt;&lt;/div&gt;&lt;/body&gt;&lt;/html&gt;]" time="0.000" /><testcase classname="tests.contracts.test_source_intake" name="test_format_mismatches[x.xlsx-xlsx-PKxx]" time="0.000" /><testcase classname="tests.contracts.test_source_intake" name="test_format_mismatches[x.xls-xls-bad]" time="0.000" /><testcase classname="tests.contracts.test_source_intake" name="test_readonly_workbook_and_batch" time="0.006" /><testcase classname="tests.contracts.test_source_intake" name="test_excel_and_pdf_explicit_boundaries" time="0.001" /><testcase classname="tests.contracts.test_source_intake" name="test_pdf_adapter_preserves_pipeline_call_and_artifact[accepted-pass-review_required]" time="0.022" /><testcase classname="tests.contracts.test_source_intake" name="test_pdf_adapter_preserves_pipeline_call_and_artifact[review_required-review-review_required]" time="0.016" /><testcase classname="tests.contracts.test_source_intake" name="test_pdf_adapter_preserves_pipeline_call_and_artifact[failed-fail-failed]" time="0.018" /><testcase classname="tests.contracts.test_source_intake" name="test_pdf_adapter_preserves_pipeline_call_and_artifact[accepted-fail-failed]" time="0.017" /><testcase classname="tests.contracts.test_source_intake" name="test_pdf_adapter_preserves_pipeline_call_and_artifact[accepted-None-failed]" time="0.017" /><testcase classname="tests.contracts.test_source_intake" name="test_missing_and_duplicate_sources_are_rejected" time="0.001" /><testcase classname="tests.contracts.test_source_intake" name="test_one_failed_file_does_not_hide_next_result" time="0.003" /><testcase classname="tests.contracts.test_source_intake" name="test_published_schemas_match_models" time="0.003" /><testcase classname="tests.contracts.test_source_occurrence_accounting" name="test_single_output_occurrence_cannot_cover_two_original_obligations" time="0.000" /><testcase classname="tests.contracts.test_source_occurrence_accounting" name="test_repeated_text_retained_in_multiline_output_is_not_a_shortfall" time="0.000" /><testcase classname="tests.contracts.test_source_occurrence_accounting" name="test_assignment_can_reassign_first_match_to_preserve_a_later_match" time="0.000" /><testcase classname="tests.contracts.test_source_occurrence_accounting" name="test_engine_observations_do_not_double_the_required_count" time="0.000" /><testcase classname="tests.contracts.test_source_occurrence_accounting" name="test_total_token_count_does_not_override_spatial_capacity" time="0.000" /><testcase classname="tests.contracts.test_source_occurrence_accounting" name="test_parallel_column_ownership_is_located_abstention" time="0.000" /><testcase classname="tests.contracts.test_source_occurrence_accounting" name="test_maximum_assignment_matches_exhaustive_small_graph_oracle" time="0.013" /><testcase classname="tests.contracts.test_source_records" name="test_excel_labels_drive_mapping_and_audit_data_is_not_normative[False]" time="0.004" /><testcase classname="tests.contracts.test_source_records" name="test_excel_labels_drive_mapping_and_audit_data_is_not_normative[True]" time="0.004" /><testcase classname="tests.contracts.test_source_records" name="test_html_text_order_notes_context_and_controls" time="0.001" /><testcase classname="tests.contracts.test_source_records" name="test_mapper_verification_detects_corruption[drop_record]" time="0.003" /><testcase classname="tests.contracts.test_source_records" name="test_mapper_verification_detects_corruption[mutate_text]" time="0.003" /><testcase classname="tests.contracts.test_source_records" name="test_mapper_verification_detects_corruption[drop_body]" time="0.003" /><testcase classname="tests.contracts.test_source_records" name="test_mapper_verification_detects_corruption[swap_fields]" time="0.003" /><testcase classname="tests.contracts.test_source_records" name="test_mapper_verification_detects_corruption[wrong_locator]" time="0.003" /><testcase classname="tests.contracts.test_source_records" name="test_mapper_verification_detects_corruption[drop_residual]" time="0.004" /><testcase classname="tests.contracts.test_source_records" name="test_mapper_verification_detects_corruption[wrong_hash]" time="0.003" /><testcase classname="tests.contracts.test_source_records" name="test_mapper_verification_detects_corruption[wrong_count]" time="0.003" /><testcase classname="tests.contracts.test_source_records" name="test_mapper_verification_detects_corruption[drop_issue]" time="0.003" /><testcase classname="tests.contracts.test_source_records" name="test_mapper_verification_detects_corruption[swap_records]" time="0.003" /><testcase classname="tests.contracts.test_source_records" name="test_formula_and_duplicate_identifiers_keep_review" time="0.003" /><testcase classname="tests.contracts.test_source_records" name="test_html_missing_identifiers_are_not_dropped" time="0.001" /><testcase classname="tests.contracts.test_source_records" name="test_unsupported_template_keeps_source_residual" time="0.000" /><testcase classname="tests.contracts.test_source_records" name="test_new_batch_emits_mapping_and_refuses_mismatched_proof" time="0.006" /><testcase classname="tests.contracts.test_source_records" name="test_schema_matches_published" time="0.001" /><testcase classname="tests.contracts.test_source_records" name="test_nested_clause_and_inline_notes_do_not_leak_into_parent" time="0.001" /><testcase classname="tests.contracts.test_source_records" name="test_field_reference_reorder_and_hidden_footnotes_fail" time="0.001" /><testcase classname="tests.contracts.test_source_records" name="test_batch_mapping_failure_propagates_without_losing_canonical" time="0.003" /><testcase classname="tests.contracts.test_system1_handoff" name="test_authority_supplies_selection_when_cache_is_empty_without_writes" time="0.006" /><testcase classname="tests.contracts.test_system1_handoff" name="test_human_include_does_not_override_system1_effective_selection[PENDING]" time="0.004" /><testcase classname="tests.contracts.test_system1_handoff" name="test_human_include_does_not_override_system1_effective_selection[EXCLUDE]" time="0.004" /><testcase classname="tests.contracts.test_system1_handoff" name="test_malformed_authority_receipt_is_rejected[missing_selection]" time="0.005" /><testcase classname="tests.contracts.test_system1_handoff" name="test_malformed_authority_receipt_is_rejected[duplicate_source]" time="0.004" /><testcase classname="tests.contracts.test_system1_handoff" name="test_malformed_authority_receipt_is_rejected[missing_revision]" time="0.004" /><testcase classname="tests.contracts.test_system1_handoff" name="test_malformed_authority_receipt_is_rejected[wrong_identity]" time="0.004" /><testcase classname="tests.contracts.test_system1_handoff" name="test_malformed_authority_receipt_is_rejected[failure]" time="0.004" /><testcase classname="tests.contracts.test_system1_handoff" name="test_malformed_authority_receipt_is_rejected[invalid_json]" time="0.004" /><testcase classname="tests.contracts.test_system1_handoff" name="test_changed_authority_is_not_published" time="0.005" /><testcase classname="tests.contracts.test_system1_handoff" name="test_live_cli_binds_handoff_and_record_projection" time="0.012" /><testcase classname="tests.contracts.test_system1_handoff" name="test_database_handoff_ignores_excel_and_guards_logical_versions" time="0.004" /><testcase classname="tests.contracts.test_system1_handoff" name="test_open_source_issues_include_new_material_reports_without_legacy_id" time="0.005" /><testcase classname="tests.contracts.test_verification_review_routing" name="test_high_confidence_atomic_judgment_can_be_auto_accepted" time="0.000" /><testcase classname="tests.contracts.test_verification_review_routing" name="test_low_confidence_is_routed_to_human_at_any_verification_depth" time="0.000" /><testcase classname="tests.contracts.test_verification_review_routing" name="test_disagreement_and_missing_provenance_force_review" time="0.000" /><testcase classname="tests.contracts.test_verification_review_routing" name="test_machine_depth_requires_its_promised_evidence_paths" time="0.000" /><testcase classname="tests.domains.requirements.test_canonical_requirement_adapter" name="test_valid_candidate_becomes_accepted_with_deterministic_provenance" time="0.003" /><testcase classname="tests.domains.requirements.test_canonical_requirement_adapter" name="test_provenance_normalization_accepts_visual_list_and_split_percent_tokens" time="0.001" /><testcase classname="tests.domains.requirements.test_canonical_requirement_adapter" name="test_threshold_scope_stops_at_inline_source_field_label" time="0.000" /><testcase classname="tests.domains.requirements.test_canonical_requirement_adapter" name="test_repeated_threshold_values_keep_distinct_comma_bounded_scopes" time="0.001" /><testcase classname="tests.domains.requirements.test_canonical_requirement_adapter" name="test_clause_structure_uses_exact_root_when_source_has_no_explicit_list" time="0.000" /><testcase classname="tests.domains.requirements.test_canonical_requirement_adapter" name="test_clause_structure_preserves_explicit_bullets_and_source_connectors" time="0.000" /><testcase classname="tests.domains.requirements.test_canonical_requirement_adapter" name="test_clause_structure_rolls_nested_connector_up_to_explicit_parent" time="0.001" /><testcase classname="tests.domains.requirements.test_canonical_requirement_adapter" name="test_clause_structure_fails_closed_when_same_marker_nesting_is_ambiguous" time="0.000" /><testcase classname="tests.domains.requirements.test_canonical_requirement_adapter" name="test_audit_actions_strip_markers_and_reference_their_own_role_region" time="0.000" /><testcase classname="tests.domains.requirements.test_canonical_requirement_adapter" name="test_action_level_regions_are_bound_one_to_one" time="0.000" /><testcase classname="tests.domains.requirements.test_canonical_requirement_adapter" name="test_legacy_indicator_plus_value_has_role_aware_semantic_input" time="0.000" /><testcase classname="tests.domains.requirements.test_canonical_requirement_adapter" name="test_audit_zero_count_uses_indicator_context_and_value_cell_provenance" time="0.001" /><testcase classname="tests.domains.requirements.test_canonical_requirement_adapter" name="test_bare_quantity_in_requirement_value_cell_is_an_exact_threshold" time="0.001" /><testcase classname="tests.domains.requirements.test_canonical_requirement_adapter" name="test_legacy_zero_day_count_derives_period_and_measured_activity" time="0.001" /><testcase classname="tests.domains.requirements.test_canonical_requirement_adapter" name="test_legacy_zero_mortality_count_uses_explicit_indicator_object" time="0.000" /><testcase classname="tests.domains.requirements.test_canonical_requirement_adapter" name="test_structured_zero_rule_does_not_generalize_to_arbitrary_bare_zero" time="0.001" /><testcase classname="tests.domains.requirements.test_canonical_requirement_adapter" name="test_audit_action_actor_is_not_promoted_to_normative_subject" time="0.000" /><testcase classname="tests.domains.requirements.test_canonical_requirement_adapter" name="test_audit_subject_can_use_linked_footnote_but_not_farm_staff_or_cab" time="0.001" /><testcase classname="tests.domains.requirements.test_canonical_requirement_adapter" name="test_non_audit_family_does_not_promote_action_actor_to_normative_subject" time="0.000" /><testcase classname="tests.domains.requirements.test_canonical_requirement_adapter" name="test_non_audit_explicit_uoc_subject_is_source_backed" time="0.000" /><testcase classname="tests.domains.requirements.test_canonical_requirement_adapter" name="test_explicit_english_modalities_are_local_and_do_not_scan_actions" time="0.001" /><testcase classname="tests.domains.requirements.test_canonical_requirement_adapter" name="test_missing_identity_or_text_abstains_and_incomplete_provenance_reviews" time="0.001" /><testcase classname="tests.domains.requirements.test_canonical_requirement_adapter" name="test_action_without_expected_marker_is_preserved_but_requires_review" time="0.001" /><testcase classname="tests.domains.requirements.test_canonical_requirement_adapter" name="test_audit_lowercase_cab_marker_is_preserved_as_nonblocking_source_anomaly" time="0.000" /><testcase classname="tests.domains.requirements.test_canonical_requirement_adapter" name="test_profile_trust_can_only_lower_acceptance_and_norwegian_is_explicit" time="0.001" /><testcase classname="tests.domains.requirements.test_canonical_requirement_adapter" name="test_native_evidence_reused_across_action_and_formal_roles_requires_review" time="0.000" /><testcase classname="tests.domains.requirements.test_canonical_requirement_adapter" name="test_semantics_map_exact_english_source_and_threshold_provenance" time="0.001" /><testcase classname="tests.domains.requirements.test_canonical_requirement_adapter" name="test_semantics_map_explicit_norwegian_without_english_fallback" time="0.001" /><testcase classname="tests.domains.requirements.test_canonical_requirement_adapter" name="test_ambiguous_semantic_candidate_is_retained_and_lowers_acceptance" time="0.000" /><testcase classname="tests.domains.requirements.test_canonical_requirement_adapter" name="test_threshold_source_binding_selects_covering_continuation_region" time="0.000" /><testcase classname="tests.domains.requirements.test_canonical_requirement_adapter" name="test_embedded_condition_targets_following_normative_action" time="0.001" /><testcase classname="tests.domains.requirements.test_canonical_requirement_adapter" name="test_canonical_negations_preserve_full_no_and_modal_not_phrases" time="0.000" /><testcase classname="tests.domains.requirements.test_canonical_requirement_adapter" name="test_linked_footnote_qualifiers_bind_threshold_to_footnote_segment" time="0.001" /><testcase classname="tests.domains.requirements.test_canonical_requirement_adapter" name="test_attached_footnote_markers_are_removed_only_from_semantic_source" time="0.001" /><testcase classname="tests.domains.requirements.test_canonical_requirement_adapter" name="test_bracketed_footnote_reference_is_not_stripped_from_semantic_source" time="0.000" /><testcase classname="tests.domains.requirements.test_canonical_requirement_adapter" name="test_linked_footnote_within_deadline_is_threshold_and_condition" time="0.001" /><testcase classname="tests.domains.requirements.test_canonical_requirement_adapter" name="test_linked_leading_exemption_preserves_full_scope_negation_and_date" time="0.002" /><testcase classname="tests.domains.requirements.test_canonical_requirement_adapter" name="test_linked_exception_footnote_promotes_only_source_backed_legal_qualifiers" time="0.002" /><testcase classname="tests.domains.requirements.test_canonical_requirement_adapter" name="test_semantic_footnote_requires_explicit_owner_for_qualifier_promotion" time="0.001" /><testcase classname="tests.domains.requirements.test_canonical_requirement_adapter" name="test_anomalous_footnote_never_promotes_qualifiers_or_instructions" time="0.000" /><testcase classname="tests.domains.requirements.test_canonical_requirement_adapter" name="test_audit_fields_deduplicate_applicability_threshold_and_bind_exact_scopes" time="0.001" /><testcase classname="tests.domains.requirements.test_canonical_requirement_adapter" name="test_frequency_and_qualitative_thresholds_use_governing_action_or_subject" time="0.001" /><testcase classname="tests.domains.requirements.test_canonical_requirement_adapter" name="test_linked_footnote_keeps_predicate_scope_and_footnote_anchor_kind" time="0.001" /><testcase classname="tests.domains.requirements.test_canonical_requirement_adapter" name="test_source_instruction_stays_related_and_adds_only_explicit_references" time="0.000" /><testcase classname="tests.domains.requirements.test_canonical_requirement_adapter" name="test_explicit_indicator_dependency_is_not_treated_as_an_ordinary_number" time="0.001" /><testcase classname="tests.domains.requirements.test_canonical_requirement_adapter" name="test_audit_indicator_numbered_list_does_not_absorb_other_fields" time="0.001" /><testcase classname="tests.domains.requirements.test_conditional_sentence_scope" name="test_explicit_in_cases_where_attaches_to_its_own_sentence" time="0.000" /><testcase classname="tests.domains.requirements.test_conditional_sentence_scope" name="test_trailing_condition_still_attaches_to_previous_action" time="0.000" /><testcase classname="tests.domains.requirements.test_conditional_sentence_scope" name="test_relative_where_remains_uncertain" time="0.000" /><testcase classname="tests.domains.requirements.test_conditional_sentence_scope" name="test_conditional_sentence_clauses_preserve_reference_and_full_source" time="0.000" /><testcase classname="tests.domains.requirements.test_conditional_sentence_scope" name="test_complete_exemption_sentence_preserves_source_punctuation" time="0.000" /><testcase classname="tests.domains.requirements.test_conditional_sentence_scope" name="test_composite_appendix_reference_retains_list_but_not_explanatory_prose" time="0.000" /><testcase classname="tests.domains.requirements.test_native_requirement_assembler" name="test_round1_native_templates_recover_all_25_requirement_ids" time="0.161" /><testcase classname="tests.domains.requirements.test_native_requirement_assembler" name="test_every_requirement_keeps_role_page_bbox_and_source_text" time="0.167" /><testcase classname="tests.domains.requirements.test_native_requirement_assembler" name="test_short_non_modal_values_are_retained" time="0.116" /><testcase classname="tests.domains.requirements.test_native_requirement_assembler" name="test_audit_matrix_keeps_client_and_auditor_columns_separate" time="0.090" /><testcase classname="tests.domains.requirements.test_native_requirement_assembler" name="test_audit_actions_stop_at_next_section_header_and_repair_token_spacing" time="0.088" /><testcase classname="tests.domains.requirements.test_native_requirement_assembler" name="test_context_guidance_is_not_promoted_and_cross_page_text_is_joined" time="0.032" /><testcase classname="tests.domains.requirements.test_native_requirement_assembler" name="test_selected_indices_only_assemble_requested_pages" time="0.010" /><testcase classname="tests.domains.requirements.test_native_requirement_assembler" name="test_selected_window_recovers_proven_page_top_single_column_continuation" time="0.001" /><testcase classname="tests.domains.requirements.test_native_requirement_assembler" name="test_page_top_list_is_not_attached_without_successor_identity" time="0.000" /><testcase classname="tests.domains.requirements.test_native_requirement_assembler" name="test_single_column_continuation_recovers_all_ten_p64_p65_rows" time="0.017" /><testcase classname="tests.domains.requirements.test_native_requirement_assembler" name="test_single_column_applicability_uses_modal_boundary_and_own_span" time="0.016" /><testcase classname="tests.domains.requirements.test_native_requirement_assembler" name="test_superscript_45_is_evidence_not_semantic_normative_text" time="0.017" /><testcase classname="tests.domains.requirements.test_native_requirement_assembler" name="test_list_glyphs_and_superscripts_stay_in_evidence_but_not_semantics" time="0.034" /><testcase classname="tests.domains.requirements.test_native_requirement_assembler" name="test_legacy_superscripts_follow_host_row_and_leave_semantic_fields" time="0.020" /><testcase classname="tests.domains.requirements.test_native_requirement_assembler" name="test_legacy_ordinary_numbers_and_numbered_steps_are_not_footnotes" time="0.018" /><testcase classname="tests.domains.requirements.test_native_requirement_assembler" name="test_normative_context_rows_keep_list_and_footnote_marks_out_of_semantics" time="1.620" /><testcase classname="tests.domains.requirements.test_native_requirement_assembler" name="test_revealed_active_sources_generate_source_faithful_clause_structure" time="0.308" /><testcase classname="tests.domains.requirements.test_native_requirement_assembler" name="test_audit_row_with_inline_indicator_label_is_not_lost_at_sample_boundary" time="0.110" /><testcase classname="tests.domains.requirements.test_native_requirement_assembler" name="test_audit_normative_text_includes_applicability_and_drops_placeholder_dash" time="0.112" /><testcase classname="tests.domains.requirements.test_native_requirement_assembler" name="test_audit_metadata_has_direct_field_level_provenance" time="0.119" /><testcase classname="tests.domains.requirements.test_native_requirement_assembler" name="test_audit_action_list_markers_stay_in_native_evidence_not_semantics" time="0.125" /><testcase classname="tests.domains.requirements.test_native_requirement_assembler" name="test_audit_note_is_not_appended_to_prior_action_and_periods_are_source_faithful" time="0.142" /><testcase classname="tests.domains.requirements.test_native_requirement_assembler" name="test_audit_geometry_preserves_lowercase_cab_marker_and_excludes_note_row" time="0.002" /><testcase classname="tests.domains.requirements.test_native_requirement_assembler" name="test_audit_table_footnote_does_not_pollute_applicability_but_keeps_evidence" time="0.196" /><testcase classname="tests.domains.requirements.test_native_requirement_assembler" name="test_native_clean_preserves_comparator_spacing_and_never_fuses_numbers" time="0.000" /><testcase classname="tests.domains.requirements.test_native_requirement_assembler" name="test_native_clean_repairs_balanced_straight_quote_spacing" time="0.000" /><testcase classname="tests.domains.requirements.test_native_requirement_assembler" name="test_active_audit_fishsource_threshold_spacing_is_source_faithful" time="0.150" /><testcase classname="tests.domains.requirements.test_requirement_footnote_linker" name="test_exact_bottom_definition_links_and_canonicalizes" time="0.002" /><testcase classname="tests.domains.requirements.test_requirement_footnote_linker" name="test_bracketed_candidate_marker_and_definition_canonicalize" time="0.001" /><testcase classname="tests.domains.requirements.test_requirement_footnote_linker" name="test_immediately_following_page_definition_is_inherited" time="0.001" /><testcase classname="tests.domains.requirements.test_requirement_footnote_linker" name="test_missing_or_ambiguous_definition_fails_closed_and_preserves_marker" time="0.002" /><testcase classname="tests.domains.requirements.test_requirement_footnote_linker" name="test_body_number_and_page_number_are_not_footnote_definitions" time="0.000" /><testcase classname="tests.domains.requirements.test_requirement_footnote_linker" name="test_dynamic_bottom_cluster_recovers_definition_above_old_70_percent_cutoff" time="0.000" /><testcase classname="tests.domains.requirements.test_requirement_footnote_linker" name="test_explicit_exact_requirement_ids_create_semantic_links_only" time="0.001" /><testcase classname="tests.domains.requirements.test_requirement_footnote_linker" name="test_term_definition_requires_exact_term_and_direct_family_context" time="0.001" /><testcase classname="tests.domains.requirements.test_requirement_footnote_linker" name="test_direct_anchor_target_mismatch_stays_direct_and_adds_semantic_target" time="0.002" /><testcase classname="tests.domains.requirements.test_requirement_footnote_linker" name="test_real_farm_p64_p65_links_45_to_48_without_semantic_invention" time="0.051" /><testcase classname="tests.domains.requirements.test_requirement_footnote_linker" name="test_real_salmon_p27_p28_links_29_to_36_with_explicit_context" time="1.338" /><testcase classname="tests.domains.requirements.test_requirement_footnote_linker" name="test_real_audit_table_footnotes_are_detected_and_preserved" time="2.121" /><testcase classname="tests.domains.requirements.test_requirement_footnote_linker" name="test_real_audit_p5_owns_only_direct_or_ancestor_scoped_footnotes" time="1.696" /><testcase classname="tests.domains.requirements.test_requirement_footnote_linker" name="test_unowned_upstream_footnote_span_is_removed_fail_closed" time="0.000" /><testcase classname="tests.domains.requirements.test_requirement_footnote_linker" name="test_round1_active_samples_gain_no_false_footnote_links" time="0.219" /><testcase classname="tests.domains.requirements.test_requirement_gold" name="test_relation_collections_are_order_independent_but_value_exact" time="0.000" /><testcase classname="tests.domains.requirements.test_requirement_gold" name="test_sample_provenance_excludes_out_of_window_supporting_evidence" time="0.000" /><testcase classname="tests.domains.requirements.test_requirement_gold" name="test_action_signature_ignores_nested_list_glyph_but_not_text" time="0.000" /><testcase classname="tests.domains.requirements.test_requirement_gold" name="test_interpretation_requirement_gold_is_frozen_and_valid" time="0.030" /><testcase classname="tests.domains.requirements.test_requirement_gold" name="test_requirement_manifest_has_no_schema_or_reference_errors" time="0.132" /><testcase classname="tests.domains.requirements.test_requirement_gold" name="test_versioned_audit_gold_revision_preserves_immutable_predecessor" time="1.216" /><testcase classname="tests.domains.requirements.test_requirement_gold" name="test_legacy_requirement_evaluation_exposes_modal_gate_and_silent_omission" time="0.022" /><testcase classname="tests.domains.requirements.test_requirement_gold" name="test_empty_prediction_cannot_receive_vacuous_quality_scores" time="0.023" /><testcase classname="tests.domains.requirements.test_requirement_gold" name="test_v4_schema_and_exact_anchor_integrity" time="0.049" /><testcase classname="tests.domains.requirements.test_requirement_gold" name="test_round7_v4_revision_preserves_frozen_source_evidence" time="0.092" /><testcase classname="tests.domains.requirements.test_requirement_gold" name="test_round7_v5_adds_only_classified_supporting_evidence" time="0.048" /><testcase classname="tests.domains.requirements.test_requirement_gold" name="test_v4_active_diagnostic_manifest_is_not_completion_gate_eligible" time="0.138" /><testcase classname="tests.domains.requirements.test_requirement_gold" name="test_v4_evaluator_uses_scope_ref_not_free_text_summary" time="0.001" /><testcase classname="tests.domains.requirements.test_requirement_gold" name="test_direct_provenance_typography_normalization_is_strict_and_limited" time="0.000" /><testcase classname="tests.domains.requirements.test_requirement_gold" name="test_bbox_coverage_is_independent_from_substantive_text_mismatch" time="0.020" /><testcase classname="tests.domains.requirements.test_requirement_gold" name="test_strict_result_accepts_only_typographic_source_text_variation" time="0.020" /><testcase classname="tests.domains.requirements.test_requirement_gold" name="test_strict_result_requires_text_and_bbox_on_the_same_evidence_segment" time="0.020" /><testcase classname="tests.domains.requirements.test_requirement_gold" name="test_critical_threshold_signature_checks_operator_value_unit_scope_and_basis" time="0.033" /><testcase classname="tests.domains.requirements.test_requirement_gold" name="test_provenance_requires_text_role_and_bbox_alignment_not_nonempty_placeholders" time="0.020" /><testcase classname="tests.domains.requirements.test_requirement_gold" name="test_related_heading_page_does_not_widen_direct_requirement_provenance" time="0.020" /><testcase classname="tests.domains.requirements.test_requirement_gold" name="test_review_required_requirement_does_not_count_as_accepted_recall" time="0.020" /><testcase classname="tests.domains.requirements.test_requirement_gold" name="test_accepted_result_precision_requires_full_requirement_correctness" time="0.019" /><testcase classname="tests.domains.requirements.test_requirement_gold" name="test_fully_exact_accepted_requirement_counts_as_correct_result" time="0.019" /><testcase classname="tests.domains.requirements.test_requirement_gold" name="test_accepted_result_checks_cross_references_beyond_legacy_critical_fields" time="0.020" /><testcase classname="tests.domains.requirements.test_requirement_gold" name="test_client_and_auditor_action_swap_is_detected" time="0.031" /><testcase classname="tests.domains.requirements.test_requirement_gold" name="test_manifest_evaluation_rejects_prediction_from_another_document" time="2.829" /><testcase classname="tests.domains.requirements.test_requirement_gold" name="test_manifest_split_controls_report_grouping_not_frozen_gold_split" time="0.180" /><testcase classname="tests.domains.requirements.test_requirement_gold_revision" name="test_salmon_p18_v2_is_a_minimal_source_bound_revision" time="0.041" /><testcase classname="tests.domains.requirements.test_requirement_gold_revision" name="test_schema_v2_historical_gold_and_manifest_remain_reproducible" time="0.126" /><testcase classname="tests.domains.requirements.test_requirement_gold_revision" name="test_v3_revision_rejects_a_changed_predecessor_digest" time="0.023" /><testcase classname="tests.domains.requirements.test_requirement_gold_revision" name="test_manifest_can_mix_historical_v2_and_revised_v3_gold" time="0.104" /><testcase classname="tests.domains.requirements.test_requirement_hierarchy_profile" name="test_split_same_line_and_multiline_headings_are_source_reconstructed" time="0.011" /><testcase classname="tests.domains.requirements.test_requirement_hierarchy_profile" name="test_visual_superscript_is_not_promoted_into_heading_text" time="0.014" /><testcase classname="tests.domains.requirements.test_requirement_hierarchy_profile" name="test_bold_inline_appendix_cross_references_are_not_headings" time="0.032" /><testcase classname="tests.domains.requirements.test_requirement_hierarchy_profile" name="test_legacy_requirement_is_bound_to_source_backed_principle_and_criterion" time="0.012" /><testcase classname="tests.domains.requirements.test_requirement_hierarchy_profile" name="test_audit_source_order_switches_paths_within_the_same_pages" time="0.189" /><testcase classname="tests.domains.requirements.test_requirement_hierarchy_profile" name="test_norwegian_labels_use_the_same_source_backed_binding_contract" time="0.000" /><testcase classname="tests.domains.requirements.test_requirement_manifest_gate" name="test_current_requirement_manifest_passes_fail_closed_source_gate" time="0.133" /><testcase classname="tests.domains.requirements.test_requirement_manifest_gate" name="test_manifest_round_id_must_match_every_gold_sample" time="0.112" /><testcase classname="tests.domains.requirements.test_requirement_manifest_gate" name="test_manifest_can_reuse_frozen_gold_from_an_explicit_prior_round" time="0.117" /><testcase classname="tests.domains.requirements.test_requirement_manifest_gate" name="test_manifest_can_reclassify_a_used_holdout_as_active_without_mutating_gold" time="0.147" /><testcase classname="tests.domains.requirements.test_requirement_manifest_gate" name="test_sample_history_requires_every_manifest_sample" time="0.160" /><testcase classname="tests.domains.requirements.test_requirement_manifest_gate" name="test_prior_scored_sample_cannot_be_reused_as_holdout" time="0.141" /><testcase classname="tests.domains.requirements.test_requirement_manifest_gate" name="test_holdout_may_be_unscored_or_first_scored_in_current_round[None]" time="0.135" /><testcase classname="tests.domains.requirements.test_requirement_manifest_gate" name="test_holdout_may_be_unscored_or_first_scored_in_current_round[goal04-round1]" time="0.138" /><testcase classname="tests.domains.requirements.test_requirement_manifest_gate" name="test_active_sample_cannot_be_marked_untouched_holdout" time="0.139" /><testcase classname="tests.domains.requirements.test_requirement_manifest_gate" name="test_prediction_sha256_detects_overwritten_blind_output" time="0.259" /><testcase classname="tests.domains.requirements.test_requirement_manifest_gate" name="test_manifest_requires_existing_source_pdf" time="0.127" /><testcase classname="tests.domains.requirements.test_requirement_manifest_gate" name="test_manifest_source_file_name_must_match_gold" time="0.128" /><testcase classname="tests.domains.requirements.test_requirement_manifest_gate" name="test_manifest_source_sha256_must_match_gold" time="0.143" /><testcase classname="tests.domains.requirements.test_requirement_manifest_gate" name="test_direct_requirement_source_rejects_non_direct_roles[criterion_heading]" time="0.034" /><testcase classname="tests.domains.requirements.test_requirement_manifest_gate" name="test_direct_requirement_source_rejects_non_direct_roles[header]" time="0.031" /><testcase classname="tests.domains.requirements.test_requirement_manifest_gate" name="test_direct_requirement_source_rejects_non_direct_roles[footer]" time="0.032" /><testcase classname="tests.domains.requirements.test_requirement_manifest_gate" name="test_direct_requirement_source_rejects_non_direct_roles[rationale]" time="0.031" /><testcase classname="tests.domains.requirements.test_requirement_manifest_gate" name="test_direct_requirement_source_rejects_non_direct_roles[auditor_guidance]" time="0.031" /><testcase classname="tests.domains.requirements.test_requirement_manifest_gate" name="test_direct_requirement_source_rejects_non_direct_roles[client_action]" time="0.031" /><testcase classname="tests.domains.requirements.test_requirement_manifest_gate" name="test_direct_requirement_source_rejects_non_direct_roles[auditor_action]" time="0.032" /><testcase classname="tests.domains.requirements.test_requirement_manifest_gate" name="test_related_context_must_reference_context_role" time="0.032" /><testcase classname="tests.domains.requirements.test_requirement_manifest_gate" name="test_action_references_require_matching_action_role[client_actions-auditor_action]" time="0.049" /><testcase classname="tests.domains.requirements.test_requirement_manifest_gate" name="test_action_references_require_matching_action_role[auditor_actions-client_action]" time="0.059" /><testcase classname="tests.domains.requirements.test_requirement_models" name="test_requirement_v15_round_trip_preserves_semantics_and_inline_provenance" time="0.001" /><testcase classname="tests.domains.requirements.test_requirement_models" name="test_all_requirement_decision_states_are_supported" time="0.001" /><testcase classname="tests.domains.requirements.test_requirement_models" name="test_document_v15_defaults_to_no_requirements" time="0.000" /><testcase classname="tests.domains.requirements.test_requirement_models" name="test_requirement_provenance_passes_canonical_validation" time="0.081" /><testcase classname="tests.domains.requirements.test_requirement_models" name="test_requirement_scope_anchor_must_match_exact_source_substring" time="0.022" /><testcase classname="tests.domains.requirements.test_requirement_models" name="test_requirement_scope_anchor_rejects_missing_source_region" time="0.021" /><testcase classname="tests.domains.requirements.test_requirement_models" name="test_partial_run_allows_source_faithful_out_of_window_hierarchy_support" time="0.021" /><testcase classname="tests.domains.requirements.test_requirement_models" name="test_partial_run_allows_linked_out_of_window_footnote_support" time="0.021" /><testcase classname="tests.domains.requirements.test_requirement_models" name="test_partial_run_still_rejects_out_of_window_direct_requirement_evidence" time="0.021" /><testcase classname="tests.domains.requirements.test_requirement_models" name="test_partial_run_rejects_hierarchy_support_outside_source_document" time="0.020" /><testcase classname="tests.domains.requirements.test_requirement_models" name="test_document_can_load_v12_json_without_requirements" time="0.000" /><testcase classname="tests.domains.requirements.test_requirement_models" name="test_document_can_load_v13_requirement_without_semantic_input" time="0.000" /><testcase classname="tests.domains.requirements.test_requirement_semantic_active" name="test_active_interpretation_conditions_negations_dates_and_units_regress" time="0.004" /><testcase classname="tests.domains.requirements.test_requirement_semantic_active" name="test_active_salmon_window_is_date_and_lethal_incident_unit_is_complete" time="0.001" /><testcase classname="tests.domains.requirements.test_requirement_semantic_active" name="test_active_salmon_conditions_exclude_relative_and_nested_list_uses" time="0.001" /><testcase classname="tests.domains.requirements.test_requirement_semantic_active" name="test_active_interpretation_semantics_canonicalize_without_review_flags" time="0.009" /><testcase classname="tests.domains.requirements.test_requirement_semantic_active" name="test_active_interpretation_linked_footnote_yields_bound_qualifiers" time="0.003" /><testcase classname="tests.domains.requirements.test_requirement_semantic_active" name="test_active_farm_conditions_and_not_scope_regress" time="0.002" /><testcase classname="tests.domains.requirements.test_requirement_semantic_active" name="test_active_salmon_page18_remains_semantically_quiet" time="0.001" /><testcase classname="tests.domains.requirements.test_requirement_semantics" name="test_english_semantics_preserve_exact_modal_and_context_spans" time="0.001" /><testcase classname="tests.domains.requirements.test_requirement_semantics" name="test_norwegian_semantics_cover_legal_cues_and_compound_section_reference" time="0.001" /><testcase classname="tests.domains.requirements.test_requirement_semantics" name="test_appendix_reference_excludes_sentence_punctuation" time="0.000" /><testcase classname="tests.domains.requirements.test_requirement_semantics" name="test_norwegian_reference_range_and_standalone_legal_units_are_retained" time="0.000" /><testcase classname="tests.domains.requirements.test_requirement_semantics" name="test_all_requested_english_modalities_and_context_markers_are_detected" time="0.001" /><testcase classname="tests.domains.requirements.test_requirement_semantics" name="test_comparison_symbols_ranges_and_common_units_are_candidates" time="0.001" /><testcase classname="tests.domains.requirements.test_requirement_semantics" name="test_unknown_comparative_unit_is_retained_but_flagged" time="0.000" /><testcase classname="tests.domains.requirements.test_requirement_semantics" name="test_multiple_modal_scopes_stop_at_the_next_explicit_modal" time="0.000" /><testcase classname="tests.domains.requirements.test_requirement_semantics" name="test_modality_scope_does_not_stop_at_numbered_items_or_eg_abbreviation" time="0.001" /><testcase classname="tests.domains.requirements.test_requirement_semantics" name="test_need_to_is_a_second_obligation_modality" time="0.000" /><testcase classname="tests.domains.requirements.test_requirement_semantics" name="test_qualitative_level_and_exact_rate_step_are_source_backed_thresholds" time="0.001" /><testcase classname="tests.domains.requirements.test_requirement_semantics" name="test_numeric_applicability_phrase_is_condition_but_postnominal_after_is_not" time="0.000" /><testcase classname="tests.domains.requirements.test_requirement_semantics" name="test_country_entry_level_is_a_qualitative_lte_threshold" time="0.000" /><testcase classname="tests.domains.requirements.test_requirement_semantics" name="test_ambiguous_comma_number_is_not_silently_normalized" time="0.000" /><testcase classname="tests.domains.requirements.test_requirement_semantics" name="test_ambiguous_language_and_where_are_explicitly_flagged" time="0.000" /><testcase classname="tests.domains.requirements.test_requirement_semantics" name="test_calendar_month_may_is_not_a_permission_modality" time="0.000" /><testcase classname="tests.domains.requirements.test_requirement_semantics" name="test_empty_source_fails_closed_without_inventing_semantics" time="0.000" /><testcase classname="tests.domains.requirements.test_requirement_semantics" name="test_language_assessment_can_be_explicit_without_overwriting_source_scores" time="0.000" /><testcase classname="tests.domains.requirements.test_requirement_semantics" name="test_requested_norwegian_legal_cues_are_covered[Foretaket skal registrere data.-skal-modality]" time="0.000" /><testcase classname="tests.domains.requirements.test_requirement_semantics" name="test_requested_norwegian_legal_cues_are_covered[Foretaket m\xe5 registrere data.-m\xe5-modality]" time="0.000" /><testcase classname="tests.domains.requirements.test_requirement_semantics" name="test_requested_norwegian_legal_cues_are_covered[Foretaket kan registrere data.-kan-modality]" time="0.000" /><testcase classname="tests.domains.requirements.test_requirement_semantics" name="test_requested_norwegian_legal_cues_are_covered[Foretaket skal ikke registrere data.-ikke-negation]" time="0.000" /><testcase classname="tests.domains.requirements.test_requirement_semantics" name="test_requested_norwegian_legal_cues_are_covered[Kravet gjelder dersom anlegget er \xe5pent.-dersom-condition]" time="0.000" /><testcase classname="tests.domains.requirements.test_requirement_semantics" name="test_requested_norwegian_legal_cues_are_covered[Kravet gjelder hvis anlegget er \xe5pent.-hvis-condition]" time="0.000" /><testcase classname="tests.domains.requirements.test_requirement_semantics" name="test_requested_norwegian_legal_cues_are_covered[Kravet gjelder n\xe5r anlegget er \xe5pent.-n\xe5r-condition]" time="0.000" /><testcase classname="tests.domains.requirements.test_requirement_semantics" name="test_requested_norwegian_legal_cues_are_covered[Kravet gjelder unntatt bokstav a.-unntatt-exception]" time="0.000" /><testcase classname="tests.domains.requirements.test_requirement_semantics" name="test_requested_norwegian_legal_cues_are_covered[Kravet gjelder med mindre \xa7 2 gjelder.-med mindre-exception]" time="0.000" /><testcase classname="tests.domains.requirements.test_requirement_semantics" name="test_requested_english_condition_markers_are_covered[if]" time="0.000" /><testcase classname="tests.domains.requirements.test_requirement_semantics" name="test_requested_english_condition_markers_are_covered[when]" time="0.000" /><testcase classname="tests.domains.requirements.test_requirement_semantics" name="test_requested_english_condition_markers_are_covered[where]" time="0.000" /><testcase classname="tests.domains.requirements.test_requirement_semantics" name="test_requested_english_condition_markers_are_covered[provided that]" time="0.000" /><testcase classname="tests.domains.requirements.test_requirement_semantics" name="test_embedded_english_basis_and_sequence_conditions_keep_exact_clauses" time="0.000" /><testcase classname="tests.domains.requirements.test_requirement_semantics" name="test_no_and_not_negations_have_bounded_source_scopes" time="0.000" /><testcase classname="tests.domains.requirements.test_requirement_semantics" name="test_month_and_year_windows_are_dates_not_quantity_thresholds" time="0.001" /><testcase classname="tests.domains.requirements.test_requirement_semantics" name="test_first_n_years_of_event_is_date_not_quantity_threshold" time="0.000" /><testcase classname="tests.domains.requirements.test_requirement_semantics" name="test_production_cycle_frequency_and_deadline_phrases_are_dates" time="0.001" /><testcase classname="tests.domains.requirements.test_requirement_semantics" name="test_requested_multiword_threshold_units_are_source_exact" time="0.000" /><testcase classname="tests.domains.requirements.test_requirement_semantics" name="test_structural_at_least_one_is_not_misclassified_as_threshold" time="0.000" /><testcase classname="tests.domains.requirements.test_requirement_semantics" name="test_norwegian_number_word_to_is_not_an_english_bare_quantity" time="0.000" /><testcase classname="tests.domains.requirements.test_requirement_semantics" name="test_source_field_labels_are_hard_threshold_and_scope_boundaries" time="0.000" /><testcase classname="tests.domains.requirements.test_requirement_semantics" name="test_field_boundary_does_not_treat_unlabelled_words_as_labels" time="0.000" /><testcase classname="tests.domains.requirements.test_requirement_semantics" name="test_newline_label_cannot_become_a_threshold_unit" time="0.000" /><testcase classname="tests.domains.requirements.test_requirement_semantics" name="test_comma_punctuation_does_not_hide_the_preceding_threshold" time="0.000" /><testcase classname="tests.domains.requirements.test_requirement_template_profile" name="test_full_document_profile_accepts_supported_families[farm-standard-p028-p029-SINGLE_COLUMN_INDICATORS-6-2]" time="0.017" /><testcase classname="tests.domains.requirements.test_requirement_template_profile" name="test_full_document_profile_accepts_supported_families[audit-manual-p001-p003-AUDIT_MATRIX-12-3]" time="0.125" /><testcase classname="tests.domains.requirements.test_requirement_template_profile" name="test_full_document_profile_accepts_supported_families[interpretation-manual-p019-p021-ID_NORMATIVE_WITH_CONTEXT-3-3]" time="0.041" /><testcase classname="tests.domains.requirements.test_requirement_template_profile" name="test_one_page_family_is_review_only_and_not_an_automatic_hint" time="0.009" /><testcase classname="tests.domains.requirements.test_requirement_template_profile" name="test_headerless_single_column_page_is_verified_as_continuation" time="2.583" /><testcase classname="tests.domains.requirements.test_requirement_template_profile" name="test_headerless_page_is_not_inherited_when_probe_misses_an_id" time="0.041" /><testcase classname="tests.domains.requirements.test_requirement_template_profile" name="test_context_cross_reference_is_not_promoted_as_headerless_requirement" time="0.155" /><testcase classname="tests.domains.requirements.test_requirement_template_profile" name="test_headerless_normative_row_can_be_proven_without_font_metadata" time="0.152" /><testcase classname="tests.domains.requirements.test_requirement_template_profile" name="test_profile_has_all_families_and_serializes_without_extracted_text" time="0.025" /><testcase classname="tests.domains.requirements.test_requirement_template_profile" name="test_profile_keeps_page_level_candidate_id_inventory_without_prose" time="0.023" /><testcase classname="tests.domains.requirements.test_requirement_template_profile" name="test_selected_page_hints_are_directly_usable_by_assembler" time="0.030" /><testcase classname="tests.domains.requirements.test_requirement_template_profile" name="test_support_thresholds_cannot_be_weakened" time="0.009" /><testcase classname="tests.domains.requirements.test_requirement_template_profile" name="test_duplicate_page_indices_fail_closed" time="0.005" /><testcase classname="tests.integration.test_applicability_proposals" name="test_scope_statement_and_context_counterexamples[These requirements are applicable regardless of site depth.-True]" time="0.001" /><testcase classname="tests.integration.test_applicability_proposals" name="test_scope_statement_and_context_counterexamples[These requirements apply to offshore farms.-True]" time="0.000" /><testcase classname="tests.integration.test_applicability_proposals" name="test_scope_statement_and_context_counterexamples[The criterion does not apply to closed systems.-True]" time="0.000" /><testcase classname="tests.integration.test_applicability_proposals" name="test_scope_statement_and_context_counterexamples[The standards are not applicable to inland farms.-True]" time="0.000" /><testcase classname="tests.integration.test_applicability_proposals" name="test_scope_statement_and_context_counterexamples[Farms are exempt from the requirements if all waste is collected.-True]" time="0.000" /><testcase classname="tests.integration.test_applicability_proposals" name="test_scope_statement_and_context_counterexamples[A site is not exempt from standards under Criterion 2.1.-True]" time="0.000" /><testcase classname="tests.integration.test_applicability_proposals" name="test_scope_statement_and_context_counterexamples[The rule applies when discharge occurs.-True]" time="0.000" /><testcase classname="tests.integration.test_applicability_proposals" name="test_scope_statement_and_context_counterexamples[These provisions apply within the defined monitoring zone.-True]" time="0.000" /><testcase classname="tests.integration.test_applicability_proposals" name="test_scope_statement_and_context_counterexamples[An example states that these requirements apply to offshore farms.-False]" time="0.000" /><testcase classname="tests.integration.test_applicability_proposals" name="test_scope_statement_and_context_counterexamples[Whether these requirements apply to offshore farms remains unresolved.-False]" time="0.000" /><testcase classname="tests.integration.test_applicability_proposals" name="test_scope_statement_and_context_counterexamples[Do these requirements apply to offshore farms?-False]" time="0.000" /><testcase classname="tests.integration.test_applicability_proposals" name="test_scope_statement_and_context_counterexamples[The report says that these requirements apply to offshore farms.-False]" time="0.000" /><testcase classname="tests.integration.test_applicability_proposals" name="test_scope_statement_and_context_counterexamples[Previously these requirements apply to offshore farms.-False]" time="0.001" /><testcase classname="tests.integration.test_applicability_proposals" name="test_scope_statement_and_context_counterexamples[These proposed requirements apply to offshore farms.-False]" time="0.000" /><testcase classname="tests.integration.test_applicability_proposals" name="test_scope_statement_and_context_counterexamples[The term &quot;requirements apply to offshore farms&quot; illustrates applicability.-False]" time="0.000" /><testcase classname="tests.integration.test_applicability_proposals" name="test_scope_statement_and_context_counterexamples[Which requirements apply to offshore farms is unclear.-False]" time="0.001" /><testcase classname="tests.integration.test_applicability_proposals" name="test_scope_statement_and_context_counterexamples[These criteria might apply to offshore farms.-False]" time="0.001" /><testcase classname="tests.integration.test_applicability_proposals" name="test_scope_statement_and_context_counterexamples[Farms are exempt from fees.-False]" time="0.001" /><testcase classname="tests.integration.test_applicability_proposals" name="test_scope_statement_and_context_counterexamples[Requirements are discussed in Appendix A.-False]" time="0.001" /><testcase classname="tests.integration.test_applicability_proposals" name="test_scope_statement_and_context_counterexamples[This chapter describes why farms are exempt from the requirements.-False]" time="0.000" /><testcase classname="tests.integration.test_applicability_proposals" name="test_scope_statement_and_context_counterexamples[Example:\nThese requirements apply to offshore farms.-False]" time="0.000" /><testcase classname="tests.integration.test_applicability_proposals" name="test_scope_statement_and_context_counterexamples[A report describes the previous regime.\nFarms are exempt from the requirements.-False]" time="0.000" /><testcase classname="tests.integration.test_applicability_proposals" name="test_scope_statement_and_context_counterexamples[\u201cApplicability. These requirements apply to farms.\u201d-False]" time="0.000" /><testcase classname="tests.integration.test_applicability_proposals" name="test_precise_offsets_keep_decimal_and_newline_context" time="0.000" /><testcase classname="tests.integration.test_applicability_proposals" name="test_assembly_keeps_context_even_with_applicability_wording" time="0.000" /><testcase classname="tests.integration.test_applicability_proposals" name="test_earlier_relative_clause_does_not_hide_explicit_later_scope" time="0.000" /><testcase classname="tests.integration.test_applicability_proposals" name="test_multiline_unresolved_question_does_not_become_a_scope_statement" time="0.000" /><testcase classname="tests.integration.test_browser_view" name="test_browser_list_omits_evidence_but_unit_read_is_exact" time="0.064" /><testcase classname="tests.integration.test_browser_view" name="test_summary_counts_history_and_unknown_units" time="0.019" /><testcase classname="tests.integration.test_browser_view" name="test_unit_read_exposes_latest_revision_and_corrected_text" time="0.033" /><testcase classname="tests.integration.test_confidence_dimensions" name="test_one_high_dimension_cannot_hide_missing_others[content]" time="0.000" /><testcase classname="tests.integration.test_confidence_dimensions" name="test_one_high_dimension_cannot_hide_missing_others[requirement]" time="0.000" /><testcase classname="tests.integration.test_confidence_dimensions" name="test_duplicate_unknown_and_low_order_score_block_content" time="0.000" /><testcase classname="tests.integration.test_confidence_dimensions" name="test_missing_order_suspends_delivery_but_retains_human_history" time="0.022" /><testcase classname="tests.integration.test_confidence_dimensions" name="test_missing_b_association_cannot_use_classification_score" time="0.012" /><testcase classname="tests.integration.test_confidence_dimensions" name="test_unsupported_scores_remain_unknown_even_after_human_confirmation[change0]" time="0.000" /><testcase classname="tests.integration.test_confidence_dimensions" name="test_unsupported_scores_remain_unknown_even_after_human_confirmation[change1]" time="0.000" /><testcase classname="tests.integration.test_confidence_dimensions" name="test_unsupported_scores_remain_unknown_even_after_human_confirmation[change2]" time="0.000" /><testcase classname="tests.integration.test_confidence_dimensions" name="test_unsupported_scores_remain_unknown_even_after_human_confirmation[change3]" time="0.000" /><testcase classname="tests.integration.test_confidence_dimensions" name="test_reconciliation_refreshes_legacy_machine_acceptance_once" time="0.017" /><testcase classname="tests.integration.test_confidence_dimensions" name="test_gate_version_does_not_trigger_blanket_human_review" time="0.025" /><testcase classname="tests.integration.test_context_proposals" name="test_located_complete_genre[Smith, A., Jones, B. and Green, C. 2020. Sediment monitoring. Marine Research Bulletin 12, 10\u201324. https://example.org/paper-bibliographic_reference]" time="0.000" /><testcase classname="tests.integration.test_context_proposals" name="test_located_complete_genre[10 Smith, A., Jones, B. and Green, C. 2020. Sediment monitoring. Marine Research Bulletin 12, 10\u201324. https://example.org/paper-bibliographic_reference]" time="0.000" /><testcase classname="tests.integration.test_context_proposals" name="test_located_complete_genre[For any questions regarding the submission process, please contact help@example.org.-support_contact]" time="0.000" /><testcase classname="tests.integration.test_context_proposals" name="test_located_complete_genre[For queries about this portal, please contact support@example.org-support_contact]" time="0.000" /><testcase classname="tests.integration.test_context_proposals" name="test_normative_content_keeps_priority[Smith, A., Jones, B. and Green, C. 2020. Sediment monitoring. Marine Research Bulletin 12, 10\u201324. https://example.org/paper Farms must retain records.]" time="0.000" /><testcase classname="tests.integration.test_context_proposals" name="test_normative_content_keeps_priority[For any questions regarding the submission process, please contact help@example.org. Farms should retain records.]" time="0.000" /><testcase classname="tests.integration.test_context_proposals" name="test_normative_content_keeps_priority[For any questions regarding the submission process, you must contact help@example.org.]" time="0.000" /><testcase classname="tests.integration.test_context_proposals" name="test_normative_content_keeps_priority[All farms must contact help@example.org.]" time="0.000" /><testcase classname="tests.integration.test_context_proposals" name="test_incomplete_or_mixed_genres_abstain[Farms retain records.]" time="0.000" /><testcas
[...]
><testcase classname="tests.test_material_parser_quality" name="test_image_only_pdf_is_empty_with_original_and_unresolved_scope" time="0.041" /><testcase classname="tests.test_material_parser_quality" name="test_mixed_native_blank_pdf_is_partial_with_processed_and_usable_scope" time="0.062" /><testcase classname="tests.test_material_parser_quality" name="test_ruled_table_only_pdf_has_usable_content" time="0.040" /><testcase classname="tests.test_material_parser_quality" name="test_material_pdf_route_does_not_import_docling" time="0.033" /><testcase classname="tests.test_material_parser_quality" name="test_marker_order_keeps_exact_payload_and_nonmarker_order" time="0.000" /><testcase classname="tests.test_material_parser_quality" name="test_marker_pairing_keeps_two_column_body_order" time="0.000" /><testcase classname="tests.test_material_parser_quality" name="test_marker_pairing_abstains_at_unsupported_boundaries[distant_column]" time="0.000" /><testcase classname="tests.test_material_parser_quality" name="test_marker_pairing_abstains_at_unsupported_boundaries[different_row]" time="0.000" /><testcase classname="tests.test_material_parser_quality" name="test_marker_pairing_abstains_at_unsupported_boundaries[ambiguous_body]" time="0.000" /><testcase classname="tests.test_material_parser_quality" name="test_marker_pairing_abstains_at_unsupported_boundaries[table_boundary]" time="0.000" /><testcase classname="tests.test_material_parser_quality" name="test_marker_pairing_abstains_at_unsupported_boundaries[bare_number]" time="0.000" /><testcase classname="tests.test_material_parser_quality" name="test_paragraph_grouping_retains_numbering_critical_text_and_every_original_fragment" time="0.001" /><testcase classname="tests.test_material_parser_quality" name="test_paragraph_grouping_does_not_cross_independent_boundaries[sentence]" time="0.000" /><testcase classname="tests.test_material_parser_quality" name="test_paragraph_grouping_does_not_cross_independent_boundaries[gap]" time="0.000" /><testcase classname="tests.test_material_parser_quality" name="test_paragraph_grouping_does_not_cross_independent_boundaries[column]" time="0.000" /><testcase classname="tests.test_material_parser_quality" name="test_paragraph_grouping_does_not_cross_independent_boundaries[page]" time="0.000" /><testcase classname="tests.test_material_parser_quality" name="test_paragraph_grouping_does_not_cross_independent_boundaries[table]" time="0.000" /><testcase classname="tests.test_material_parser_quality" name="test_paragraph_grouping_does_not_cross_independent_boundaries[image]" time="0.000" /><testcase classname="tests.test_material_parser_quality" name="test_paragraph_grouping_does_not_cross_independent_boundaries[heading]" time="0.000" /><testcase classname="tests.test_material_parser_quality" name="test_paragraph_grouping_does_not_cross_independent_boundaries[margin]" time="0.000" /><testcase classname="tests.test_material_parser_quality" name="test_paragraph_grouping_does_not_cross_independent_boundaries[header_role]" time="0.000" /><testcase classname="tests.test_material_parser_quality" name="test_paragraph_grouping_does_not_cross_independent_boundaries[inline_marker]" time="0.000" /><testcase classname="tests.test_material_parser_quality" name="test_paragraph_grouping_does_not_cross_independent_boundaries[separate_marker]" time="0.000" /><testcase classname="tests.test_material_parser_quality" name="test_paragraph_grouping_does_not_cross_independent_boundaries[image_geometry]" time="0.000" /><testcase classname="tests.test_material_parser_quality" name="test_paragraph_grouping_does_not_cross_independent_boundaries[short_labels]" time="0.000" /><testcase classname="tests.test_material_parser_quality" name="test_pdf_group_artifact_round_trips_fragments_and_candidate_validates" time="0.043" /><testcase classname="tests.test_material_processor" name="test_unavailable_output_echoes_complete_frozen_binding" time="0.000" /><testcase classname="tests.test_material_processor" name="test_output_cannot_cross_material_revision_hash_request_or_scope[material_id-material-b]" time="0.000" /><testcase classname="tests.test_material_processor" name="test_output_cannot_cross_material_revision_hash_request_or_scope[input_revision-5]" time="0.000" /><testcase classname="tests.test_material_processor" name="test_output_cannot_cross_material_revision_hash_request_or_scope[input_hash-different-content]" time="0.000" /><testcase classname="tests.test_material_processor" name="test_output_cannot_cross_material_revision_hash_request_or_scope[request_id-other-request]" time="0.000" /><testcase classname="tests.test_material_processor" name="test_output_cannot_cross_material_revision_hash_request_or_scope[scope-value4]" time="0.000" /><testcase classname="tests.test_material_processor" name="test_output_rejects_stale_source_identity[source_id-TS002]" time="0.000" /><testcase classname="tests.test_material_processor" name="test_output_rejects_stale_source_identity[snapshot_id-TS001-002]" time="0.000" /><testcase classname="tests.test_material_processor" name="test_output_rejects_stale_source_identity[content_hash-bbbbbbbbbbbbbbbbbbbbbbbbbbbbbbbbbbbbbbbbbbbbbbbbbbbbbbbbbbbbbbbb]" time="0.000" /><testcase classname="tests.test_material_processor" name="test_run_states_remain_distinct_and_arbitrary_payload_never_auto_adopted[empty]" time="0.000" /><testcase classname="tests.test_material_processor" name="test_run_states_remain_distinct_and_arbitrary_payload_never_auto_adopted[partial]" time="0.000" /><testcase classname="tests.test_material_processor" name="test_run_states_remain_distinct_and_arbitrary_payload_never_auto_adopted[failed]" time="0.000" /><testcase classname="tests.test_material_processor" name="test_run_states_remain_distinct_and_arbitrary_payload_never_auto_adopted[unavailable]" time="0.000" /><testcase classname="tests.test_material_processor" name="test_run_states_remain_distinct_and_arbitrary_payload_never_auto_adopted[candidate]" time="0.001" /><testcase classname="tests.test_material_processor" name="test_input_hash_binds_scope_even_when_identical_blocks_are_selected" time="0.000" /><testcase classname="tests.test_material_provenance" name="test_old_adoption_provenance_survives_projection_reconstruction_without_history_rewrite" time="0.014" /><testcase classname="tests.test_material_provenance" name="test_cell_save_preserves_other_author_and_old_adoption_in_same_table" time="0.000" /><testcase classname="tests.test_material_provenance" name="test_structural_table_change_marks_whole_block_without_claiming_cell_correspondence" time="0.000" /><testcase classname="tests.test_material_provenance" name="test_new_adoption_stamps_only_pending_choice_not_unmodified_contributors" time="0.000" /><testcase classname="tests.test_material_provenance" name="test_direct_manual_merge_attributes_each_changed_block_and_preserves_other_fields" time="0.000" /><testcase classname="tests.test_material_read_performance" name="test_paged_projection_preserves_full_historical_and_candidate_details" time="0.045" /><testcase classname="tests.test_material_read_performance" name="test_material_search_and_pagination_use_all_materials" time="0.085" /><testcase classname="tests.test_material_read_performance" name="test_existing_history_gets_additive_projection_without_rewrite" time="0.020" /><testcase classname="tests.test_material_read_performance" name="test_reader_cache_rechecks_source_and_recovers_corrupt_cache" time="0.012" /><testcase classname="tests.test_material_read_performance" name="test_empty_excel_scope_remains_available" time="0.013" /><testcase classname="tests.test_material_read_performance" name="test_large_review_provenance_is_excluded_from_summary_transport" time="0.021" /><testcase classname="tests.test_material_read_performance" name="test_conflict_detail_is_bound_to_material_and_summary_has_no_rejected_body" time="0.017" /><testcase classname="tests.test_material_read_performance" name="test_missing_projection_is_rebuilt_even_with_current_marker" time="0.016" /><testcase classname="tests.test_material_read_performance" name="test_large_candidate_metadata_stays_in_detail_not_summary" time="0.135" /><testcase classname="tests.test_material_read_performance" name="test_shared_formula_followers_and_array_metadata_across_windows" time="0.017" /><testcase classname="tests.test_material_read_performance" name="test_reader_version_change_never_reuses_previous_semantics" time="0.008" /><testcase classname="tests.test_material_read_performance" name="test_candidate_extraction_summary_survives_projection_rebuild_without_rewriting_evidence" time="0.030" /><testcase classname="tests.test_material_read_performance" name="test_old_candidate_does_not_invent_processed_or_usable_scope" time="0.023" /><testcase classname="tests.test_material_reader_navigation" name="test_outline_uses_meaningful_content_and_preserves_all_legacy_anchors" time="0.011" /><testcase classname="tests.test_material_reader_navigation" name="test_lovdata_section_roots_open_document_title_not_site_navigation" time="0.007" /><testcase classname="tests.test_material_reader_navigation" name="test_unknown_template_without_headings_has_readable_content_fallback" time="0.004" /><testcase classname="tests.test_material_reader_navigation" name="test_ambiguous_profile_falls_back_without_hiding_either_document" time="0.005" /><testcase classname="tests.test_material_reader_parser" name="test_reader_rejects_changed_bytes_and_bounds" time="0.015" /><testcase classname="tests.test_material_reader_parser" name="test_excel_full_navigation_merge_formula_and_empty_hidden_scope" time="0.022" /><testcase classname="tests.test_material_reader_parser" name="test_html_complete_sanitized_selectable_and_stable_anchors" time="0.009" /><testcase classname="tests.test_material_reader_parser" name="test_parser_excel_keeps_far_cells_formulas_merges_and_original" time="0.013" /><testcase classname="tests.test_material_reader_parser" name="test_pdf_reader_and_parser_include_blank_scope_and_chunk_mapping" time="0.190" /><testcase classname="tests.test_material_reader_parser" name="test_pdf_partial_window_is_honest" time="0.050" /><testcase classname="tests.test_material_reader_parser" name="test_pdf_ruled_table_and_image_remain_structural_candidates" time="0.042" /><testcase classname="tests.test_material_service" name="test_open_read_save_confirm_are_not_parser_triggers" time="0.027" /><testcase classname="tests.test_material_service" name="test_source_replacement_keeps_pinned_original_and_human_history" time="0.037" /><testcase classname="tests.test_material_service" name="test_explicit_extract_runs_real_html_parser_candidate_only_and_retries" time="0.030" /><testcase classname="tests.test_material_service" name="test_worker_failure_keeps_saved_draft_and_explicit_retry" time="0.033" /><testcase classname="tests.test_material_service" name="test_source_unavailability_preserves_save_but_blocks_confirmation" time="0.021" /><testcase classname="tests.test_material_service" name="test_corrupt_pinned_original_blocks_reader_extract_and_confirmation" time="0.018" /><testcase classname="tests.test_material_service" name="test_store_open_receipt_retains_original_identity_after_upstream_change" time="0.024" /><testcase classname="tests.test_material_service" name="test_source_open_issue_without_legacy_id_blocks_confirmation_only_for_its_source" time="0.027" /><testcase classname="tests.test_material_service" name="test_explicit_legacy_service_import_preserves_effective_text_and_unresolved_issue" time="0.031" /><testcase classname="tests.test_material_service" name="test_source_timeout_preserves_partial_save_and_blocks_confirmation" time="0.019" /><testcase classname="tests.test_material_service" name="test_empty_parser_result_remains_repairable_without_claiming_complete" time="0.037" /><testcase classname="tests.test_material_service" name="test_partial_scope_evidence_survives_worker_restart_and_keeps_human_overlay" time="0.037" /><testcase classname="tests.test_materials" name="test_durable_save_reopen_and_material_isolation" time="0.016" /><testcase classname="tests.test_materials" name="test_concurrent_save_preserves_rejected_draft_and_receipt" time="0.016" /><testcase classname="tests.test_materials" name="test_confirmation_requires_all_original_ranges_and_human" time="0.024" /><testcase classname="tests.test_materials" name="test_unresolved_issue_and_association_review_guards" time="0.018" /><testcase classname="tests.test_materials" name="test_extract_never_replaces_human_content_or_confirmation" time="0.022" /><testcase classname="tests.test_materials" name="test_stale_processing_result_can_be_kept_but_not_adopted" time="0.019" /><testcase classname="tests.test_materials" name="test_partial_failure_restart_and_cross_material_binding" time="0.016" /><testcase classname="tests.test_materials" name="test_source_revision_preserves_human_versions_and_legacy_store" time="0.018" /><testcase classname="tests.test_materials" name="test_editor_structure_table_image_and_dependency_checks" time="0.001" /><testcase classname="tests.test_materials" name="test_future_contract_unavailable_and_confirmed_input_boundary" time="0.014" /><testcase classname="tests.test_materials" name="test_metadata_only_source_observation_and_historical_read" time="0.015" /><testcase classname="tests.test_materials" name="test_process_rejection_and_legacy_import_are_explicit" time="0.017" /><testcase classname="tests.test_materials" name="test_failed_candidate_and_pending_resume" time="0.018" /><testcase classname="tests.test_materials" name="test_simultaneous_writers_only_one_applies_and_other_draft_survives" time="0.017" /><testcase classname="tests.test_materials" name="test_changed_save_invalidates_affected_scope_not_empty_unaffected_page" time="0.017" /><testcase classname="tests.test_materials" name="test_first_candidate_is_editable_personal_draft_without_review" time="0.019" /><testcase classname="tests.unit.test_document_profile" name="test_page_selection_is_one_based_at_cli_boundary" time="0.001" /><testcase classname="tests.unit.test_document_profile" name="test_full_document_profile_learns_repeated_requirement_geometry" time="0.001" /><testcase classname="tests.unit.test_document_profile" name="test_short_requirement_text_is_not_rejected_by_right_edge" time="0.001" /><testcase classname="tests.unit.test_document_profile" name="test_profile_learns_multiple_requirement_tables_on_same_page" time="0.001" /><testcase classname="tests.unit.test_document_profile" name="test_profile_promotes_fragmented_requirement_regions_to_table" time="0.006" /><testcase classname="tests.unit.test_document_profile" name="test_profile_existing_table_consumes_duplicate_text_regions" time="0.006" /><testcase classname="tests.unit.test_document_profile" name="test_requirement_number_outside_table_is_a_structural_review" time="0.001" /><testcase classname="tests.unit.test_document_profile" name="test_malformed_table_does_not_satisfy_requirement_structure_gate" time="0.001" /><testcase classname="tests.unit.test_equation_parser" name="test_formula_payload_is_unwrapped_from_paddle_result" time="0.001" /><testcase classname="tests.unit.test_equation_parser" name="test_formula_payload_accepts_list_and_display_brackets" time="0.000" /><testcase classname="tests.unit.test_equation_parser" name="test_formula_normalization_unwraps_aligned_and_standardizes_operator" time="0.000" /><testcase classname="tests.unit.test_equation_parser" name="test_formula_line_segmentation_finds_separated_rows" time="0.001" /><testcase classname="tests.unit.test_equation_parser" name="test_formula_normalization_uses_brackets_for_bounded_evaluation_chain" time="0.000" /><testcase classname="tests.unit.test_equation_parser" name="test_formula_normalization_preserves_limits_and_indexed_list_delimiters" time="0.000" /><testcase classname="tests.unit.test_equation_parser" name="test_mixed_formula_text_fuses_ocr_prose_with_formula_bounds" time="0.000" /><testcase classname="tests.unit.test_equation_parser" name="test_definition_formula_fusion_changes_only_variable_prefix" time="0.001" /><testcase classname="tests.unit.test_models_and_validation" name="test_link_flag_must_match_links" time="0.000" /><testcase classname="tests.unit.test_models_and_validation" name="test_validator_accepts_valid_tree_and_rejects_bad_bbox" time="0.170" /><testcase classname="tests.unit.test_models_and_validation" name="test_critical_conflict_cannot_be_silently_accepted" time="0.025" /><testcase classname="tests.unit.test_models_and_validation" name="test_critical_conflict_is_routed_to_owning_block_review" time="0.035" /><testcase classname="tests.unit.test_models_and_validation" name="test_structural_fingerprint_ignores_run_metadata_and_output_root" time="0.001" /><testcase classname="tests.unit.test_native_extractor" name="test_pdfium_fallback_preserves_all_line_geometry" time="0.007" /><testcase classname="tests.unit.test_native_extractor" name="test_pypdf_last_resort_keeps_available_line_geometry" time="0.007" /><testcase classname="tests.unit.test_native_spacing" name="test_exact_characters_join_font_fragments_without_mutating_source" time="0.000" /><testcase classname="tests.unit.test_native_spacing" name="test_chain_preserves_punctuation_characters" time="0.001" /><testcase classname="tests.unit.test_native_spacing" name="test_abstains_without_unambiguous_native_evidence[space]" time="0.000" /><testcase classname="tests.unit.test_native_spacing" name="test_abstains_without_unambiguous_native_evidence[no_characters]" time="0.000" /><testcase classname="tests.unit.test_native_spacing" name="test_abstains_without_unambiguous_native_evidence[different_line]" time="0.000" /><testcase classname="tests.unit.test_native_spacing" name="test_abstains_without_unambiguous_native_evidence[gap]" time="0.000" /><testcase classname="tests.unit.test_native_spacing" name="test_abstains_without_unambiguous_native_evidence[same_font]" time="0.001" /><testcase classname="tests.unit.test_native_spacing" name="test_abstains_without_unambiguous_native_evidence[ocr]" time="0.000" /><testcase classname="tests.unit.test_native_spacing" name="test_abstains_without_unambiguous_native_evidence[conflicting_character]" time="0.000" /><testcase classname="tests.unit.test_reading_order" name="test_model_column_order_is_not_replaced_by_coordinate_order" time="0.000" /><testcase classname="tests.unit.test_reading_order" name="test_recovered_line_is_inserted_in_its_column_without_reordering_model_regions" time="0.000" /><testcase classname="tests.unit.test_reading_order" name="test_short_same_lane_model_inversion_is_repaired" time="0.000" /><testcase classname="tests.unit.test_reading_order" name="test_local_repair_does_not_interleave_columns" time="0.000" /><testcase classname="tests.unit.test_reading_order" name="test_sparse_text_region_is_split_on_large_vertical_gap" time="0.001" /><testcase classname="tests.unit.test_reading_order" name="test_wrapped_paragraph_is_not_split_on_normal_line_spacing" time="0.000" /><testcase classname="tests.unit.test_reading_order" name="test_fragmented_dense_columns_are_reassembled_by_lane" time="0.000" /><testcase classname="tests.unit.test_reading_order" name="test_two_panel_transitions_are_preserved" time="0.000" /><testcase classname="tests.unit.test_reading_order" name="test_short_lead_line_with_top_spacing_is_promoted" time="0.001" /><testcase classname="tests.unit.test_text_routing" name="test_routes_usable_native_text_without_ocr" time="0.000" /><testcase classname="tests.unit.test_text_routing" name="test_routes_empty_text_layer_to_ocr" time="0.000" /><testcase classname="tests.unit.test_text_routing" name="test_native_analysis_page_preserves_native_provenance" time="0.002" /><testcase classname="tests.unit.test_text_routing" name="test_native_analysis_merges_adjacent_same_baseline_fragments" time="0.002" /></testsuite></testsuites>