<?xml version='1.0' encoding='utf-8'?>
<testsuites>
  <testsuite name="frontend-06" tests="159" failures="0" errors="0" skipped="0">
    <properties>
      <property name="report_origin" value="Derived from preserved complete node-tap log and passing process summary; individual timings not recorded" />
    </properties>
    <testcase name="order comparison uses exact side labels and folded IDs, without replacing content" classname="node-tap" />
    <testcase name="historical whole-list and machine table fallback display readable content with entire-item consequences" classname="node-tap" />
    <testcase name="order is a strict complete permutation and moves never mutate contents or input" classname="node-tap" />
    <testcase name="order editor writes only the chosen ID permutation through the existing machine resolve identity" classname="node-tap" />
    <testcase name="unversioned previews and incomplete side orders cannot open an independent order editor" classname="node-tap" />
    <testcase name="rejected, stale, missing-content and busy saves retain the order draft and allow recovery" classname="node-tap" />
    <testcase name="double-clicking an order save sends one request while the first is pending" classname="node-tap" />
    <testcase name="candidate input content version and present saved record have distinct labels" classname="node-tap" />
    <testcase name="textless tables are identified by exact sheet and cell range across order, editor and table comparison" classname="node-tap" />
    <testcase name="each comparison side uses its own exact heading label and retains raw references folded" classname="node-tap" />
    <testcase name="null missing empty and unavailable references retain different meanings" classname="node-tap" />
    <testcase name="whole-block difference relationship values use the supplied side context" classname="node-tap" />
    <testcase name="relationship choices use actual preceding headings and write the original IDs" classname="node-tap" />
    <testcase name="dependency multi-selection retains IDs, permits empty, and rejects removed targets" classname="node-tap" />
    <testcase name="relationship edit sends the selected ID to existing resolve without changing its identity" classname="node-tap" />
    <testcase name="missing target, server rejection and busy operation preserve dialog selection" classname="node-tap" />
    <testcase name="generic difference renderer resolves escaped block paths and remains schema-independent" classname="node-tap" />
    <testcase name="missing values and provenance do not invent human review or machine adoption" classname="node-tap" />
    <testcase name="nested value editor preserves numbers, booleans, nulls and untouched object shape" classname="node-tap" />
    <testcase name="master and merge views reject ordinary material mutations before any API call" classname="node-tap" />
    <testcase name="merge conflicts attach to their recorded block and source differences stay global" classname="node-tap" />
    <testcase name="resolving a difference creates only a merge decision and ignores duplicate in-flight clicks" classname="node-tap" />
    <testcase name="reviewer cannot resolve or adopt master previews" classname="node-tap" />
    <testcase name="source-only preview clears the former material instead of showing unrelated source body" classname="node-tap" />
    <testcase name="source form recovery keys bind actor and source and dirty forms block navigation" classname="node-tap" />
    <testcase name="new collaboration client refuses old mutation protocol and keeps binary transfer explicit" classname="node-tap" />
    <testcase name="source journals bind live tab ownership and keep another tab record intact" classname="node-tap" />
    <testcase name="coordinator preview request is guarded against duplicate actions and lost view responses" classname="node-tap" />
    <testcase name="viewing an existing merge decision does not reload its unchanged original" classname="node-tap" />
    <testcase name="nested presence flags distinguish deleted cells and machine comparison labels" classname="node-tap" />
    <testcase name="coordinator host does not grant coordinator actions to another named reviewer" classname="node-tap" />
    <testcase name="reviewer machine resolution uses personal endpoint and preserves merged input binding" classname="node-tap" />
    <testcase name="reader routes personal machine previews separately from coordinator master merges" classname="node-tap" />
    <testcase name="restored inspection disables collaboration before any action or personal recovery write" classname="node-tap" />
    <testcase name="dialog mutations lock material navigation until server response and reject repeated requests" classname="node-tap" />
    <testcase name="HTML original-anchor navigation retains the selected master branch" classname="node-tap" />
    <testcase name="reopened adoption resumes the server request identity after browser restart" classname="node-tap" />
    <testcase name="unit provenance separately exposes author reviewer adopter and exact extraction evidence" classname="node-tap" />
    <testcase name="added and removed blocks use source text in difference navigation" classname="node-tap" />
    <testcase name="material adoption reopens master then refreshes personal queue and exposes refresh failure" classname="node-tap" />
    <testcase name="receipt import wording follows returned item kinds, including duplicate imports" classname="node-tap" />
    <testcase name="hierarchy shift retains subtree and rejects an orphan indent" classname="node-tap" />
    <testcase name="table repair retains original text, people, refs and external dependencies" classname="node-tap" />
    <testcase name="insertion and removal retain surviving cells and adjust merged spans" classname="node-tap" />
    <testcase name="spot-check submission reads displayed fields even if edit events were not delivered" classname="node-tap" />
    <testcase name="inspection note changes remain editable while the archived body stays read-only" classname="node-tap" />
    <testcase name="delayed material reads disable every material, source and inspection opener then restore after an error" classname="node-tap" />
    <testcase name="list redraw during a delayed read keeps all new navigation rows locked until recovery" classname="node-tap" />
    <testcase name="busy navigation lock preserves pre-existing disabled permissions through repeated updates" classname="node-tap" />
    <testcase name="search covers all blocks, hidden table windows and notes" classname="node-tap" />
    <testcase name="table windows are bounded but do not mutate data and use absolute coordinates" classname="node-tap" />
    <testcase name="reading mode renders text without editing inputs and requires explicit edit" classname="node-tap" />
    <testcase name="drag region is reverse-safe, bounded and rejects empty drag" classname="node-tap" />
    <testcase name="original associations match exact pages, intersecting cells and known HTML anchors only" classname="node-tap" />
    <testcase name="saving changed body delegates scope retention to server and keeps no client approval" classname="node-tap" />
    <testcase name="candidate summary count is truthful without loading body" classname="node-tap" />
    <testcase name="runtime state errors escape content and distinguish saved error history" classname="node-tap" />
    <testcase name="review impact discloses retained check provenance and never claims final confirmation" classname="node-tap" />
    <testcase name="read-only history and comparisons paginate full blocks and table cells" classname="node-tap" />
    <testcase name="compact candidates disclose additional warnings and full comparison keeps all warnings" classname="node-tap" />
    <testcase name="shared formula followers show known anchor without inventing an equals expression" classname="node-tap" />
    <testcase name="copied sessionStorage gets a distinct live journal owner while reload reclaims its own" classname="node-tap" />
    <testcase name="unsupported or rejected Web Locks never reuse a writable journal owner" classname="node-tap" />
    <testcase name="leaving the initial unmounted workspace safely clears focus mode" classname="node-tap" />
    <testcase name="save sends one material snapshot and never confirms or extracts" classname="node-tap" />
    <testcase name="in-flight save prevents navigation and makes editor inert" classname="node-tap" />
    <testcase name="a conflicting save preserves local changes and original revision guard" classname="node-tap" />
    <testcase name="retry after uncertain save reuses request identity" classname="node-tap" />
    <testcase name="local draft includes merge intent and is scoped by reviewer and material" classname="node-tap" />
    <testcase name="changed content preserves provisional checks for server impact calculation" classname="node-tap" />
    <testcase name="saved checklist survives readback only when association review is resolved" classname="node-tap" />
    <testcase name="stale candidate permits explicit keep or merge but disables direct adoption" classname="node-tap" />
    <testcase name="large material exposes explicit block pages instead of hidden content loss" classname="node-tap" />
    <testcase name="an untouched recovered tab does not rewrite another tab local draft" classname="node-tap" />
    <testcase name="two editing tabs retain independent draft journals" classname="node-tap" />
    <testcase name="overview counts material snapshots and current human reviews independently from blocks" classname="node-tap" />
    <testcase name="overview fetch failure stays unavailable and displays the escaped underlying error" classname="node-tap" />
    <testcase name="overview loading does not present fabricated zero material counts" classname="node-tap" />
    <testcase name="overview renders new entry and retains explicit legacy navigation" classname="node-tap" />
    <testcase name="switching material clears source-specific action notices" classname="node-tap" />
    <testcase name="PDF reader presents a bound page image without requiring a native PDF plugin" classname="node-tap" />
    <testcase name="scan-only PDF reader does not claim selectable original text or OCR completion" classname="node-tap" />
    <testcase name="PDF previous and next navigation stay within complete original page bounds" classname="node-tap" />
    <testcase name="PDF zoom changes only page image width and preserves fit-width option" classname="node-tap" />
    <testcase name="HTTP 409 thrown by the real API helper opens conflict recovery without discarding draft" classname="node-tap" />
    <testcase name="legacy Error.current shape is also recoverable as a guarded conflict" classname="node-tap" />
    <testcase name="conflict merge preserves newer unique blocks, local edits and unresolved issues" classname="node-tap" />
    <testcase name="ready extraction candidate has a processing label without pretending content is adopted" classname="node-tap" />
    <testcase name="processing status distinguishes running, partial and failure without changing content review" classname="node-tap" />
    <testcase name="old confirmations with source or candidate issues are not current reviewed materials" classname="node-tap" />
    <testcase name="list and right pane qualify preserved confirmations consistently" classname="node-tap" />
    <testcase name="old client upgrade response preserves local draft and gives recovery direction" classname="node-tap" />
    <testcase name="pending source open cannot extract or save the previously active material" classname="node-tap" />
    <testcase name="pending saved material read locks old actions and errors restore previous context" classname="node-tap" />
    <testcase name="large draft waits for durable browser write and keeps per-tab identity without duplicate shared body" classname="node-tap" />
    <testcase name="browser large-draft storage failure is visible and does not prevent server save" classname="node-tap" />
    <testcase name="switching materials clears prior original before draft recovery completes" classname="node-tap" />
    <testcase name="reloading original removes stale controls and ignores old in-flight response" classname="node-tap" />
    <testcase name="fallback document owner recovers prior own work before another tab shared journal" classname="node-tap" />
    <testcase name="fallback repeated reloads keep per-material last-written owners despite newer shared drafts" classname="node-tap" />
    <testcase name="large journal records its recovery owner only after durable write succeeds" classname="node-tap" />
    <testcase name="reopening a running extraction resumes status checks without another Extract" classname="node-tap" />
    <testcase name="candidate status progresses while preserving dirty draft body checks and revision guard" classname="node-tap" />
    <testcase name="busy candidate polling waits and resumes without reading over an in-flight save" classname="node-tap" />
    <testcase name="candidate status read failures retry with a finite failure limit and can be restarted" classname="node-tap" />
    <testcase name="late candidate status cannot update another actor material original or master view" classname="node-tap" />
    <testcase name="clean status polling cannot silently substitute another tabs saved body" classname="node-tap" />
    <testcase name="conflict comparison represents both one-sided blocks and allows explicit absence" classname="node-tap" />
    <testcase name="order-only conflicts have an explicit order choice while retaining selected one-sided blocks" classname="node-tap" />
    <testcase name="conflict dialog requires presence and order choices before creating an unsaved guarded draft" classname="node-tap" />
    <testcase name="conflict comparison ignores a late response after switching reviewer" classname="node-tap" />
    <testcase name="opening a material replaces only its matching unopened snapshot in the visible queue" classname="node-tap" />
    <testcase name="late status response cannot roll back revision after a concurrent same-body save" classname="node-tap" />
    <testcase name="empty extraction with image blocks is distinct from ready and partial text candidates" classname="node-tap" />
    <testcase name="older candidates and adopted content do not invent extraction scope or claim unstarted content" classname="node-tap" />
    <testcase name="processing detail exposes retained unresolved locations without altering human draft" classname="node-tap" />
    <testcase name="material open and save preserve inspection and submission routes from the queue" classname="node-tap" />
    <testcase name="queue metadata cannot follow a detail response bound to a different source version" classname="node-tap" />
    <testcase name="empty reviewer queue explains work-package entry without inventing a coordinator cause" classname="node-tap" />
    <testcase name="original location labels use exact reader evidence and keep PDF and sheet locations" classname="node-tap" />
    <testcase name="readable original labels remain separate from exact source references in editing details" classname="node-tap" />
    <testcase name="late reader labels update visible reading text without rerendering or touching the draft" classname="node-tap" />
    <testcase name="personal confirmation and newer master draft are separately labelled without changing either version" classname="node-tap" />
    <testcase name="saved partial extraction retains its machine evidence entry without another apply action" classname="node-tap" />
    <testcase name="resolved empty evidence stays available but successful or superseded extraction does not invent current limitations" classname="node-tap" />
    <testcase name="source prefixes suppress only their repeated display prefix and keep original source text byte-for-byte" classname="node-tap" />
    <testcase name="different human numbers and longer number tokens remain visible" classname="node-tap" />
    <testcase name="order, related heading and block difference labels use one display rule without changing stored numbers" classname="node-tap" />
    <testcase name="actual chapter, reading and parent/dependency option renderers preserve source and editable raw fields" classname="node-tap" />
    <testcase name="received receipt summary separates adoption, content review and immutable folded payload" classname="node-tap" />
    <testcase name="task receipt distinguishes kept-current decision, archive check and unknown master review" classname="node-tap" />
    <testcase name="unknown receipt fields remain explicitly missing, without an inferred adoption or review" classname="node-tap" />
    <testcase name="both drawer routes render receipt cards with only second-level details for raw payload" classname="node-tap" />
    <testcase name="prerequisites expose safe navigation and do not claim approval" classname="node-tap" />
    <testcase name="ordinary extraction remains loadable when a newer optional reference module is unavailable" classname="node-tap" />
    <testcase name="detail binds an exact unit guard, independent of unrelated source revision" classname="node-tap" />
    <testcase name="cached unit renders immediately and refreshes a changed dependency guard" classname="node-tap" />
    <testcase name="navigation prevents an older detail request from creating a form" classname="node-tap" />
    <testcase name="dragged original regions preserve reverse direction, precision and page bounds" classname="node-tap" />
    <testcase name="reference saving does not claim assessment completion" classname="node-tap" />
    <testcase name="a stale local draft survives edits to the current server version" classname="node-tap" />
    <testcase name="three perfect five-week series occupy the same 100 percent line" classname="node-tap" />
    <testcase name="missing week breaks the line, without fabricating zero or completion" classname="node-tap" />
    <testcase name="inactive reserved stage is omitted, while actual legacy observations remain visible" classname="node-tap" />
    <testcase name="old scores are evidence, not confirmation of the new version" classname="node-tap" />
    <testcase name="same version retains explicit clicks, and one missing dimension is incomplete" classname="node-tap" />
    <testcase name="unacknowledged request retains identity across draft reload and source change" classname="node-tap" />
    <testcase name="applied browser receipt and workbook application appear once in history" classname="node-tap" />
    <testcase name="Excel verdict and original note are displayed without changing the application record" classname="node-tap" />
    <testcase name="previous Excel review remains source-specific and does not become a new score confirmation" classname="node-tap" />
    <testcase name="discrepancy evidence exposes occurrence counts and escapes compared text" classname="node-tap" />
    <testcase name="located unverified scope offers original and each affected content item" classname="node-tap" />
    <testcase name="structure conflicts show claims and remain readable without a located region" classname="node-tap" />
    <testcase name="a named reviewer is required, and accepting text cannot approve a table" classname="node-tap" />
    <testcase name="correction preserves original, reviewer, note and timestamp; draft reload is not acceptance" classname="node-tap" />
    <testcase name="merge preserves footnote marker, and each decision type needs explicit input" classname="node-tap" />
    <testcase name="missing content and unreadable sources remain unresolved; reopening retains all history" classname="node-tap" />
    <testcase name="five-case walkthrough leaves the missing table open and never manufactures live QA" classname="node-tap" />
    <testcase name="accept after reopening a correction keeps the corrected text" classname="node-tap" />
    <system-out>Canonical detailed output: frontend.tap; command and source binding: result.json</system-out>
  </testsuite>
</testsuites>