<?xml version="1.0" encoding="utf-8"?><testsuites name="pytest tests"><testsuite name="pytest" errors="0" failures="0" skipped="0" tests="3" time="0.262" timestamp="2026-09-13T14:28:00.851018+02:00" hostname="JaydeMacBook-Air.local"><testcase classname="tests.test_material_html_display" name="test_nested_visuals_count_one_region_and_keep_exact_outer_anchor" time="0.008" /><testcase classname="tests.test_material_html_display" name="test_missing_resources_distinguish_safe_embedded_images_and_styles" time="0.001" /><testcase classname="tests.test_material_html_display" name="test_plain_text_is_not_reported_as_visual_loss" time="0.001" /></testsuite></testsuites>