<?xml version="1.0" encoding="utf-8"?><testsuites name="pytest tests"><testsuite name="pytest" errors="0" failures="0" skipped="0" tests="32" time="1.463" timestamp="2026-09-13T14:30:49.555042+02:00" hostname="JaydeMacBook-Air.local"><testcase classname="tests.test_material_reader_resolution" name="test_real_pdf_resizes_only_selected_page_and_preserves_original" time="0.194" /><testcase classname="tests.test_material_reader_resolution" name="test_actual_bitmap_honors_dimension_and_area_caps[size0]" time="0.084" /><testcase classname="tests.test_material_reader_resolution" name="test_actual_bitmap_honors_dimension_and_area_caps[size1]" time="0.083" /><testcase classname="tests.test_material_reader_resolution" name="test_actual_bitmap_honors_dimension_and_area_caps[size2]" time="0.089" /><testcase classname="tests.test_material_reader_resolution" name="test_actual_bitmap_honors_dimension_and_area_caps[size3]" time="0.006" /><testcase classname="tests.test_material_reader_resolution" name="test_invalid_width_rejected_before_source_or_cache_access[0]" time="0.001" /><testcase classname="tests.test_material_reader_resolution" name="test_invalid_width_rejected_before_source_or_cache_access[-1]" time="0.002" /><testcase classname="tests.test_material_reader_resolution" name="test_invalid_width_rejected_before_source_or_cache_access[32769]" time="0.001" /><testcase classname="tests.test_material_reader_resolution" name="test_invalid_width_rejected_before_source_or_cache_access[10000000000000000000000000000000000000000000000000000000000000000000000000000000000000000000000000000]" time="0.001" /><testcase classname="tests.test_material_reader_resolution" name="test_invalid_width_rejected_before_source_or_cache_access[True]" time="0.001" /><testcase classname="tests.test_material_reader_resolution" name="test_invalid_width_rejected_before_source_or_cache_access[False]" time="0.001" /><testcase classname="tests.test_material_reader_resolution" name="test_invalid_width_rejected_before_source_or_cache_access[1.5]" time="0.001" /><testcase classname="tests.test_material_reader_resolution" name="test_invalid_width_rejected_before_source_or_cache_access[1024]" time="0.001" /><testcase classname="tests.test_material_reader_resolution" name="test_invalid_width_rejected_before_source_or_cache_access[]" time="0.001" /><testcase classname="tests.test_material_reader_resolution" name="test_invalid_width_rejected_before_source_or_cache_access[invalid9]" time="0.001" /><testcase classname="tests.test_material_reader_resolution" name="test_invalid_width_rejected_before_source_or_cache_access[invalid10]" time="0.001" /><testcase classname="tests.test_material_reader_resolution" name="test_normalized_cache_does_not_reuse_wrong_request_or_wrong_version" time="0.039" /><testcase classname="tests.test_material_reader_parser" name="test_reader_rejects_changed_bytes_and_bounds" time="0.020" /><testcase classname="tests.test_material_reader_parser" name="test_excel_full_navigation_merge_formula_and_empty_hidden_scope" time="0.020" /><testcase classname="tests.test_material_reader_parser" name="test_html_complete_sanitized_selectable_and_stable_anchors" time="0.027" /><testcase classname="tests.test_material_reader_parser" name="test_parser_excel_keeps_far_cells_formulas_merges_and_original" time="0.011" /><testcase classname="tests.test_material_reader_parser" name="test_pdf_reader_and_parser_include_blank_scope_and_chunk_mapping" time="0.373" /><testcase classname="tests.test_material_reader_parser" name="test_pdf_partial_window_is_honest" time="0.043" /><testcase classname="tests.test_material_reader_parser" name="test_pdf_ruled_table_and_image_remain_structural_candidates" time="0.051" /><testcase classname="tests.test_material_reader_navigation" name="test_outline_uses_meaningful_content_and_preserves_all_legacy_anchors" time="0.009" /><testcase classname="tests.test_material_reader_navigation" name="test_lovdata_section_roots_open_document_title_not_site_navigation" time="0.007" /><testcase classname="tests.test_material_reader_navigation" name="test_unknown_template_without_headings_has_readable_content_fallback" time="0.004" /><testcase classname="tests.test_material_reader_navigation" name="test_ambiguous_profile_falls_back_without_hiding_either_document" time="0.004" /><testcase classname="tests.test_material_html_display" name="test_nested_visuals_count_one_region_and_keep_exact_outer_anchor" time="0.002" /><testcase classname="tests.test_material_html_display" name="test_missing_resources_distinguish_safe_embedded_images_and_styles" time="0.001" /><testcase classname="tests.test_material_html_display" name="test_plain_text_is_not_reported_as_visual_loss" time="0.001" /><testcase classname="tests.test_material_html_display" name="test_actual_reader_marks_omissions_at_original_anchors_and_keeps_source" time="0.006" /></testsuite></testsuites>