<?xml version="1.0" encoding="utf-8"?><testsuites name="pytest tests"><testsuite name="pytest" errors="0" failures="0" skipped="0" tests="41" time="1.508" timestamp="2026-09-13T14:28:07.404763+02:00" hostname="JaydeMacBook-Air.local"><testcase classname="tests.test_material_reader_resolution" name="test_real_pdf_resizes_only_selected_page_and_preserves_original" time="0.253" /><testcase classname="tests.test_material_reader_resolution" name="test_actual_bitmap_honors_dimension_and_area_caps[size0]" time="0.061" /><testcase classname="tests.test_material_reader_resolution" name="test_actual_bitmap_honors_dimension_and_area_caps[size1]" time="0.059" /><testcase classname="tests.test_material_reader_resolution" name="test_actual_bitmap_honors_dimension_and_area_caps[size2]" time="0.060" /><testcase classname="tests.test_material_reader_resolution" name="test_actual_bitmap_honors_dimension_and_area_caps[size3]" time="0.003" /><testcase classname="tests.test_material_reader_resolution" name="test_invalid_width_rejected_before_source_or_cache_access[0]" time="0.001" /><testcase classname="tests.test_material_reader_resolution" name="test_invalid_width_rejected_before_source_or_cache_access[-1]" time="0.001" /><testcase classname="tests.test_material_reader_resolution" name="test_invalid_width_rejected_before_source_or_cache_access[32769]" time="0.001" /><testcase classname="tests.test_material_reader_resolution" name="test_invalid_width_rejected_before_source_or_cache_access[10000000000000000000000000000000000000000000000000000000000000000000000000000000000000000000000000000]" time="0.000" /><testcase classname="tests.test_material_reader_resolution" name="test_invalid_width_rejected_before_source_or_cache_access[True]" time="0.000" /><testcase classname="tests.test_material_reader_resolution" name="test_invalid_width_rejected_before_source_or_cache_access[False]" time="0.000" /><testcase classname="tests.test_material_reader_resolution" name="test_invalid_width_rejected_before_source_or_cache_access[1.5]" time="0.000" /><testcase classname="tests.test_material_reader_resolution" name="test_invalid_width_rejected_before_source_or_cache_access[1024]" time="0.000" /><testcase classname="tests.test_material_reader_resolution" name="test_invalid_width_rejected_before_source_or_cache_access[]" time="0.000" /><testcase classname="tests.test_material_reader_resolution" name="test_invalid_width_rejected_before_source_or_cache_access[invalid9]" time="0.001" /><testcase classname="tests.test_material_reader_resolution" name="test_invalid_width_rejected_before_source_or_cache_access[invalid10]" time="0.000" /><testcase classname="tests.test_material_reader_resolution" name="test_normalized_cache_does_not_reuse_wrong_request_or_wrong_version" time="0.027" /><testcase classname="tests.test_material_reader_navigation" name="test_outline_uses_meaningful_content_and_preserves_all_legacy_anchors" time="0.015" /><testcase classname="tests.test_material_reader_navigation" name="test_lovdata_section_roots_open_document_title_not_site_navigation" time="0.004" /><testcase classname="tests.test_material_reader_navigation" name="test_unknown_template_without_headings_has_readable_content_fallback" time="0.002" /><testcase classname="tests.test_material_reader_navigation" name="test_ambiguous_profile_falls_back_without_hiding_either_document" time="0.002" /><testcase classname="tests.test_material_reader_parser" name="test_reader_rejects_changed_bytes_and_bounds" time="0.011" /><testcase classname="tests.test_material_reader_parser" name="test_excel_full_navigation_merge_formula_and_empty_hidden_scope" time="0.008" /><testcase classname="tests.test_material_reader_parser" name="test_html_complete_sanitized_selectable_and_stable_anchors" time="0.007" /><testcase classname="tests.test_material_reader_parser" name="test_parser_excel_keeps_far_cells_formulas_merges_and_original" time="0.007" /><testcase classname="tests.test_material_reader_parser" name="test_pdf_reader_and_parser_include_blank_scope_and_chunk_mapping" time="0.305" /><testcase classname="tests.test_material_reader_parser" name="test_pdf_partial_window_is_honest" time="0.021" /><testcase classname="tests.test_material_reader_parser" name="test_pdf_ruled_table_and_image_remain_structural_candidates" time="0.030" /><testcase classname="tests.test_material_read_performance" name="test_paged_projection_preserves_full_historical_and_candidate_details" time="0.029" /><testcase classname="tests.test_material_read_performance" name="test_material_search_and_pagination_use_all_materials" time="0.074" /><testcase classname="tests.test_material_read_performance" name="test_existing_history_gets_additive_projection_without_rewrite" time="0.016" /><testcase classname="tests.test_material_read_performance" name="test_reader_cache_rechecks_source_and_recovers_corrupt_cache" time="0.007" /><testcase classname="tests.test_material_read_performance" name="test_empty_excel_scope_remains_available" time="0.006" /><testcase classname="tests.test_material_read_performance" name="test_large_review_provenance_is_excluded_from_summary_transport" time="0.013" /><testcase classname="tests.test_material_read_performance" name="test_conflict_detail_is_bound_to_material_and_summary_has_no_rejected_body" time="0.011" /><testcase classname="tests.test_material_read_performance" name="test_missing_projection_is_rebuilt_even_with_current_marker" time="0.011" /><testcase classname="tests.test_material_read_performance" name="test_large_candidate_metadata_stays_in_detail_not_summary" time="0.116" /><testcase classname="tests.test_material_read_performance" name="test_shared_formula_followers_and_array_metadata_across_windows" time="0.013" /><testcase classname="tests.test_material_read_performance" name="test_reader_version_change_never_reuses_previous_semantics" time="0.005" /><testcase classname="tests.test_material_read_performance" name="test_candidate_extraction_summary_survives_projection_rebuild_without_rewriting_evidence" time="0.018" /><testcase classname="tests.test_material_read_performance" name="test_old_candidate_does_not_invent_processed_or_usable_scope" time="0.012" /></testsuite></testsuites>