<?xml version="1.0" encoding="utf-8"?><testsuites name="pytest tests"><testsuite name="pytest" errors="0" failures="2" skipped="0" tests="2" time="11.255" timestamp="2026-09-13T14:31:23.069872+02:00" hostname="JaydeMacBook-Air.local"><testcase classname="tests.integration.test_scheme2" name="test_links_notes_and_real_img2table_route" time="5.898"><failure message="TimeoutError: [Errno 60] Operation timed out">tmp_path = PosixPath('/Users/tang/Desktop/smarter-compliance-aquaculture/05_Working area of requirements side/project-support/product-readiness-20260912/quality/regression-parser6/targeted-recovery-01/tmp/pytest/test_links_notes_and_real_img20')

    def test_links_notes_and_real_img2table_route(tmp_path: Path) -&gt; None:
        section = Block(id="section", type=BlockType.SECTION, children=["paragraph", "table"])
        paragraph = Block(
            id="paragraph", type=BlockType.PARAGRAPH, parent_id="section",
            segments=[Segment(id="s", page_index=0, bbox=BoundingBox(x0=1, y0=1, x1=10, y1=10))],
            content=_content("Use the following table."),
        )
        table = Block(id="table", type=BlockType.TABLE, parent_id="section", index="Table 2", note="Source: test; Warning: inspect")
        blocks = {item.id: item for item in (section, paragraph, table)}
        reviews = enrich_content_links(blocks, LinkSettings())
        populate_note_spans(blocks)
        assert blocks["paragraph"].content_links[0].target_id == "table"
        assert reviews[0].reason == "inferred_content_link"
        assert [span.role for span in blocks["table"].note_spans] == ["source", "warning"]
    
        image_path = tmp_path / "grid.png"
        image = np.full((400, 600, 3), 255, dtype=np.uint8)
        for x in (20, 300, 580):
            cv2.line(image, (x, 20), (x, 380), (0, 0, 0), 4)
        for y in (20, 140, 260, 380):
            cv2.line(image, (20, y), (580, y), (0, 0, 0), 4)
        for row, values in enumerate((("Item", "Value"), ("A", "5"), ("B", "7"))):
            for column, value in enumerate(values):
                cv2.putText(
                    image, value, (45 + column * 280, 90 + row * 120),
                    cv2.FONT_HERSHEY_SIMPLEX, 1.2, (0, 0, 0), 2, cv2.LINE_AA,
                )
        cv2.imwrite(str(image_path), image)
&gt;       proposal = Img2TableStructureBackend().analyze(image_path)
                   ^^^^^^^^^^^^^^^^^^^^^^^^^^^^^^^^^^^^^^^^^^^^^^^

../../../../../../system2/tests/integration/test_scheme2.py:493: 
_ _ _ _ _ _ _ _ _ _ _ _ _ _ _ _ _ _ _ _ _ _ _ _ _ _ _ _ _ _ _ _ _ _ _ _ _ _ _ _ 
../../../../../../system2/src/pdf_extraction/parsers/table.py:981: in analyze
    from img2table.document import Image as Img2TableImage
../../../../../../system2/.venv/lib/python3.12/site-packages/img2table/document/__init__.py:4: in &lt;module&gt;
    from img2table.document.pdf import PDF
../../../../../../system2/.venv/lib/python3.12/site-packages/img2table/document/pdf.py:12: in &lt;module&gt;
    from img2table.ocr.pdf import PdfOCR
../../../../../../system2/.venv/lib/python3.12/site-packages/img2table/ocr/__init__.py:3: in &lt;module&gt;
    from img2table.ocr.aws_textract import TextractOCR
../../../../../../system2/.venv/lib/python3.12/site-packages/img2table/ocr/aws_textract.py:10: in &lt;module&gt;
    from img2table.ocr.base import OCRInstance
../../../../../../system2/.venv/lib/python3.12/site-packages/img2table/ocr/base.py:7: in &lt;module&gt;
    ???
../../../../../../system2/.venv/lib/python3.12/site-packages/img2table/ocr/data.py:7: in &lt;module&gt;
    from img2table.tables.objects.table import Table
../../../../../../system2/.venv/lib/python3.12/site-packages/img2table/tables/objects/table.py:13: in &lt;module&gt;
    ???
&lt;frozen importlib._bootstrap&gt;:1360: in _find_and_load
    ???
&lt;frozen importlib._bootstrap&gt;:1331: in _find_and_load_unlocked
    ???
&lt;frozen importlib._bootstrap&gt;:935: in _load_unlocked
    ???
&lt;frozen importlib._bootstrap_external&gt;:995: in exec_module
    ???
&lt;frozen importlib._bootstrap_external&gt;:1132: in get_code
    ???
_ _ _ _ _ _ _ _ _ _ _ _ _ _ _ _ _ _ _ _ _ _ _ _ _ _ _ _ _ _ _ _ _ _ _ _ _ _ _ _ 

self = &lt;_frozen_importlib_external.SourceFileLoader object at 0x12561f0e0&gt;
path = '/Users/tang/Desktop/smarter-compliance-aquaculture/05_Working area of requirements side/system2/.venv/lib/python3.12/site-packages/img2table/tables/objects/row.py'

&gt;   ???
E   TimeoutError: [Errno 60] Operation timed out

&lt;frozen importlib._bootstrap_external&gt;:1191: TimeoutError</failure></testcase><testcase classname="tests.integration.test_scheme3" name="test_rest_api_and_release_gate" time="0.039"><failure message="TimeoutError: [Errno 60] Operation timed out">tmp_path = PosixPath('/Users/tang/Desktop/smarter-compliance-aquaculture/05_Working area of requirements side/project-support/product-readiness-20260912/quality/regression-parser6/targeted-recovery-01/tmp/pytest/test_rest_api_and_release_gate0')

    def test_rest_api_and_release_gate(tmp_path: Path) -&gt; None:
        pdf = tmp_path / "source.pdf"
        _pdf(pdf)
        config_path = tmp_path / "config.yaml"
        config_path.write_text("{}", encoding="utf-8")
        app = create_app(tmp_path / "api.sqlite3", PROJECT_ROOT / "ui")
        client = TestClient(app)
        response = client.post("/documents", json={
            "input_path": str(pdf), "output_dir": str(tmp_path / "api-output"),
            "config_path": str(config_path),
        })
        assert response.status_code == 202
        job_id = response.json()["id"]
        assert client.get(f"/jobs/{job_id}").json()["status"] == "queued"
&gt;       assert client.get(f"/review/{job_id}").status_code == 200
               ^^^^^^^^^^^^^^^^^^^^^^^^^^^^^^^

../../../../../../system2/tests/integration/test_scheme3.py:260: 
_ _ _ _ _ _ _ _ _ _ _ _ _ _ _ _ _ _ _ _ _ _ _ _ _ _ _ _ _ _ _ _ _ _ _ _ _ _ _ _ 
../../../../../../system2/.venv/lib/python3.12/site-packages/starlette/testclient.py:483: in get
    return super().get(
../../../../../../system2/.venv/lib/python3.12/site-packages/httpx/_client.py:1053: in get
    ???
../../../../../../system2/.venv/lib/python3.12/site-packages/starlette/testclient.py:455: in request
    return super().request(
../../../../../../system2/.venv/lib/python3.12/site-packages/httpx/_client.py:825: in request
    ???
../../../../../../system2/.venv/lib/python3.12/site-packages/httpx/_client.py:914: in send
    ???
../../../../../../system2/.venv/lib/python3.12/site-packages/httpx/_client.py:942: in _send_handling_auth
    ???
../../../../../../system2/.venv/lib/python3.12/site-packages/httpx/_client.py:979: in _send_handling_redirects
    ???
../../../../../../system2/.venv/lib/python3.12/site-packages/httpx/_client.py:1014: in _send_single_request
    ???
../../../../../../system2/.venv/lib/python3.12/site-packages/starlette/testclient.py:354: in handle_request
    raise exc
../../../../../../system2/.venv/lib/python3.12/site-packages/starlette/testclient.py:351: in handle_request
    portal.call(self.app, scope, receive, send)
../../../../../../system2/.venv/lib/python3.12/site-packages/anyio/from_thread.py:338: in call
    return cast(T_Retval, self.start_task_soon(func, *args).result())
                          ^^^^^^^^^^^^^^^^^^^^^^^^^^^^^^^^^^^^^^^^^^
/Users/tang/.local/share/uv/python/cpython-3.12.12-macos-aarch64-none/lib/python3.12/concurrent/futures/_base.py:456: in result
    return self.__get_result()
           ^^^^^^^^^^^^^^^^^^^
/Users/tang/.local/share/uv/python/cpython-3.12.12-macos-aarch64-none/lib/python3.12/concurrent/futures/_base.py:401: in __get_result
    raise self._exception
../../../../../../system2/.venv/lib/python3.12/site-packages/anyio/from_thread.py:263: in _call_func
    retval = await retval_or_awaitable
             ^^^^^^^^^^^^^^^^^^^^^^^^^
../../../../../../system2/.venv/lib/python3.12/site-packages/fastapi/applications.py:1163: in __call__
    await super().__call__(scope, receive, send)
../../../../../../system2/.venv/lib/python3.12/site-packages/starlette/applications.py:96: in __call__
    ???
../../../../../../system2/.venv/lib/python3.12/site-packages/starlette/middleware/errors.py:186: in __call__
    raise exc
../../../../../../system2/.venv/lib/python3.12/site-packages/starlette/middleware/errors.py:164: in __call__
    await self.app(scope, receive, _send)
../../../../../../system2/.venv/lib/python3.12/site-packages/starlette/middleware/exceptions.py:63: in __call__
    await wrap_app_handling_exceptions(self.app, conn)(scope, receive, send)
../../../../../../system2/.venv/lib/python3.12/site-packages/starlette/_exception_handler.py:53: in wrapped_app
    raise exc
../../../../../../system2/.venv/lib/python3.12/site-packages/starlette/_exception_handler.py:42: in wrapped_app
    await app(scope, receive, sender)
../../../../../../system2/.venv/lib/python3.12/site-packages/fastapi/middleware/asyncexitstack.py:18: in __call__
    await self.app(scope, receive, send)
../../../../../../system2/.venv/lib/python3.12/site-packages/starlette/routing.py:670: in __call__
    await self.middleware_stack(scope, receive, send)
../../../../../../system2/.venv/lib/python3.12/site-packages/fastapi/routing.py:2734: in app
    await route.handle(scope, receive, send)
../../../../../../system2/.venv/lib/python3.12/site-packages/fastapi/routing.py:1281: in handle
    await super().handle(scope, receive, send)
../../../../../../system2/.venv/lib/python3.12/site-packages/starlette/routing.py:280: in handle
    await self.app(scope, receive, send)
../../../../../../system2/.venv/lib/python3.12/site-packages/fastapi/routing.py:158: in app
    await wrap_app_handling_exceptions(app, request)(scope, receive, send)
../../../../../../system2/.venv/lib/python3.12/site-packages/starlette/_exception_handler.py:53: in wrapped_app
    raise exc
../../../../../../system2/.venv/lib/python3.12/site-packages/starlette/_exception_handler.py:42: in wrapped_app
    await app(scope, receive, sender)
../../../../../../system2/.venv/lib/python3.12/site-packages/fastapi/routing.py:145: in app
    await response(scope, receive, send)
../../../../../../system2/.venv/lib/python3.12/site-packages/starlette/responses.py:366: in __call__
    ???
../../../../../../system2/.venv/lib/python3.12/site-packages/starlette/responses.py:397: in _handle_simple
    ???
../../../../../../system2/.venv/lib/python3.12/site-packages/anyio/_core/_fileio.py:120: in read
    return await to_thread.run_sync(self._fp.read, size, limiter=self._limiter)
           ^^^^^^^^^^^^^^^^^^^^^^^^^^^^^^^^^^^^^^^^^^^^^^^^^^^^^^^^^^^^^^^^^^^^
/Users/tang/Desktop/PDF Extraction Product/.venv/lib/python3.12/site-packages/anyio/to_thread.py:65: in run_sync
    ???
/Users/tang/Desktop/PDF Extraction Product/.venv/lib/python3.12/site-packages/anyio/_backends/_asyncio.py:2641: in run_sync_in_worker_thread
    ???
_ _ _ _ _ _ _ _ _ _ _ _ _ _ _ _ _ _ _ _ _ _ _ _ _ _ _ _ _ _ _ _ _ _ _ _ _ _ _ _ 

self = &lt;WorkerThread(AnyIO worker thread, stopped daemon 6166425600)&gt;

&gt;   ???
E   TimeoutError: [Errno 60] Operation timed out

/Users/tang/Desktop/PDF Extraction Product/.venv/lib/python3.12/site-packages/anyio/_backends/_asyncio.py:1033: TimeoutError</failure></testcase></testsuite></testsuites>