<?xml version="1.0" encoding="utf-8"?><testsuites name="pytest tests"><testsuite name="pytest" errors="0" failures="0" skipped="0" tests="12" time="11.036" timestamp="2026-09-13T18:49:08.870331+02:00" hostname="JaydeMacBook-Air.local"><testcase classname="tests.test_api_environment" name="test_import_and_health_do_not_create_a_database" time="8.591" /><testcase classname="tests.test_api_environment" name="test_default_belongs_to_system2_and_explicit_database_stays_authoritative" time="0.031" /><testcase classname="tests.test_api_environment" name="test_explicit_factory_retains_existing_job_history" time="0.016" /><testcase classname="tests.integration.test_review_transactions" name="test_commit_backup_and_replay_after_later_revision" time="0.263" /><testcase classname="tests.integration.test_review_transactions" name="test_stale_request_leaves_bytes_unchanged[updates0]" time="0.006" /><testcase classname="tests.integration.test_review_transactions" name="test_stale_request_leaves_bytes_unchanged[updates1]" time="0.006" /><testcase classname="tests.integration.test_review_transactions" name="test_stale_request_leaves_bytes_unchanged[updates2]" time="0.003" /><testcase classname="tests.integration.test_review_transactions" name="test_request_id_cannot_be_reused_for_another_decision" time="0.054" /><testcase classname="tests.integration.test_review_transactions" name="test_concurrent_writer_defers" time="0.004" /><testcase classname="tests.integration.test_review_transactions" name="test_publish_failure_retains_canonical_and_retry_is_safe" time="0.156" /><testcase classname="tests.integration.test_review_transactions" name="test_export_failure_never_changes_current_outputs" time="0.024" /><testcase classname="tests.integration.test_review_transactions" name="test_guarded_http_endpoint_reloads_current_quality" time="0.094" /></testsuite></testsuites>