<?xml version="1.0" encoding="utf-8"?><testsuites name="pytest tests"><testsuite name="pytest" errors="0" failures="0" skipped="0" tests="189" time="4.098" timestamp="2026-09-13T18:18:56.852468+02:00" hostname="JaydeMacBook-Air.local"><testcase classname="tests.test_material_collaboration" name="test_export_normalizes_head_history_and_preserves_candidate_evidence" time="0.031" /><testcase classname="tests.test_material_collaboration" name="test_seed_roundtrip_preserves_all_history_and_does_not_start_candidates" time="0.046" /><testcase classname="tests.test_material_collaboration" name="test_validate_rejects_entire_bad_history_without_writing[cross_source]" time="0.030" /><testcase classname="tests.test_material_collaboration" name="test_validate_rejects_entire_bad_history_without_writing[duplicate]" time="0.029" /><testcase classname="tests.test_material_collaboration" name="test_validate_rejects_entire_bad_history_without_writing[missing]" time="0.026" /><testcase classname="tests.test_material_collaboration" name="test_validate_rejects_entire_bad_history_without_writing[wrong_head]" time="0.030" /><testcase classname="tests.test_material_collaboration" name="test_validate_rejects_entire_bad_history_without_writing[different_scope]" time="0.035" /><testcase classname="tests.test_material_collaboration" name="test_validate_rejects_entire_bad_history_without_writing[bad_block]" time="0.034" /><testcase classname="tests.test_material_collaboration" name="test_validate_rejects_entire_bad_history_without_writing[bad_stamp]" time="0.031" /><testcase classname="tests.test_material_collaboration" name="test_seed_checks_real_original_scope_and_never_replaces_corrupt_existing_original" time="0.038" /><testcase classname="tests.test_material_collaboration" name="test_adoption_replay_is_durable_after_changed_source_and_conflict_is_preserved" time="0.018" /><testcase classname="tests.test_material_collaboration" name="test_adoption_checks_source_binding_and_handoff_again_before_commit" time="0.018" /><testcase classname="tests.test_material_collaboration" name="test_adoption_rejects_corrupt_pinned_original_and_cross_material_review" time="0.016" /><testcase classname="tests.test_material_collaboration" name="test_retained_checks_keep_original_reviewer_and_scope_but_never_global_confirmation" time="0.033" /><testcase classname="tests.test_material_collaboration" name="test_repeat_resolution_only_reuses_same_current_input_and_adds_auditable_history" time="0.035" /><testcase classname="tests.test_material_collaboration" name="test_imported_candidate_evidence_is_read_only_but_prior_decision_can_be_reused" time="0.037" /><testcase classname="tests.test_material_collaboration" name="test_candidate_evidence_from_other_material_rejected_before_seed" time="0.026" /><testcase classname="tests.test_material_html_display" name="test_nested_visuals_count_one_region_and_keep_exact_outer_anchor" time="0.008" /><testcase classname="tests.test_material_html_display" name="test_missing_resources_distinguish_safe_embedded_images_and_styles" time="0.001" /><testcase classname="tests.test_material_html_display" name="test_plain_text_is_not_reported_as_visual_loss" time="0.000" /><testcase classname="tests.test_material_html_display" name="test_actual_reader_marks_omissions_at_original_anchors_and_keeps_source" time="0.013" /><testcase classname="tests.test_material_impact" name="test_local_edit_keeps_other_checks_with_original_provenance" time="0.013" /><testcase classname="tests.test_material_impact" name="test_dependency_and_cross_page_table_expand_impact" time="0.013" /><testcase classname="tests.test_material_impact" name="test_heading_change_invalidates_descendants" time="0.013" /><testcase classname="tests.test_material_impact" name="test_unknown_reference_or_global_issue_requires_full_review" time="0.014" /><testcase classname="tests.test_material_impact" name="test_source_replacement_preserves_confirmation_only_as_history" time="0.012" /><testcase classname="tests.test_material_impact" name="test_reorder_and_candidate_merge_use_same_impact" time="0.015" /><testcase classname="tests.test_material_impact" name="test_legacy_checks_without_provenance_are_not_inherited" time="0.011" /><testcase classname="tests.test_material_impact" name="test_unchecking_scope_revokes_current_confirmation" time="0.012" /><testcase classname="tests.test_material_impact" name="test_withdrawing_association_check_revokes_confirmation" time="0.012" /><testcase classname="tests.test_material_impact" name="test_new_source_open_invalidates_checks_without_erasing_old_confirmation" time="0.013" /><testcase classname="tests.test_material_impact" name="test_long_dependency_chain_and_cycle_are_handled_without_recursion" time="0.009" /><testcase classname="tests.test_material_impact" name="test_return_to_prior_source_version_requires_new_confirmation" time="0.016" /><testcase classname="tests.test_material_impact" name="test_excluded_source_reincluded_never_reactivates_historical_confirmation" time="0.016" /><testcase classname="tests.test_material_impact" name="test_confirmation_cannot_override_explicitly_unchecked_associations" time="0.011" /><testcase classname="tests.test_material_legacy" name="test_import_hydrates_indexed_effective_corrections_without_any_writes" time="0.014" /><testcase classname="tests.test_material_legacy" name="test_table_manual_cells_merges_and_derived_rows_not_duplicated" time="0.010" /><testcase classname="tests.test_material_legacy" name="test_unknown_references_retained_as_draft_and_block_confirmation" time="0.015" /><testcase classname="tests.test_material_legacy" name="test_mismatched_source_and_snapshot_are_rejected" time="0.009" /><testcase classname="tests.test_material_legacy" name="test_excel_part_locator_and_html_locator_mapping" time="0.020" /><testcase classname="tests.test_material_legacy" name="test_dependency_cycle_preserves_content_with_explicit_reassociation_issue" time="0.010" /><testcase classname="tests.test_material_legacy" name="test_imported_unresolved_issues_survive_adopt_merge_and_retry[adopt]" time="0.016" /><testcase classname="tests.test_material_legacy" name="test_imported_unresolved_issues_survive_adopt_merge_and_retry[merge]" time="0.016" /><testcase classname="tests.test_material_legacy" name="test_keep_retains_imported_issue_in_candidate_history_without_applying_contents" time="0.013" /><testcase classname="tests.test_material_parser_grid" name="test_true_merged_cell_does_not_count_its_latent_internal_edge" time="0.000" /><testcase classname="tests.test_material_parser_grid" name="test_grid_tolerates_one_point_rounding_but_not_more[1.0-False]" time="0.000" /><testcase classname="tests.test_material_parser_grid" name="test_grid_tolerates_one_point_rounding_but_not_more[1.01-True]" time="0.000" /><testcase classname="tests.test_material_parser_grid" name="test_crossing_ratio_threshold_counts_lines_once[4-True]" time="0.000" /><testcase classname="tests.test_material_parser_grid" name="test_crossing_ratio_threshold_counts_lines_once[5-False]" time="0.000" /><testcase classname="tests.test_material_parser_grid" name="test_uncertain_cell_ownership_rejects_region_without_throwing[specs0-missing_cell_owner]" time="0.000" /><testcase classname="tests.test_material_parser_grid" name="test_uncertain_cell_ownership_rejects_region_without_throwing[specs1-multiple_cell_owners]" time="0.000" /><testcase classname="tests.test_material_parser_grid" name="test_no_native_line_evidence_is_not_a_successful_grid_check" time="0.000" /><testcase classname="tests.test_material_parser_grid" name="test_rejected_grid_keeps_exact_positioned_text_refs_and_other_page_table" time="0.159" /><testcase classname="tests.test_material_parser_quality" name="test_html_breaks_preserve_boundaries_without_separating_inline_words" time="0.005" /><testcase classname="tests.test_material_parser_quality" name="test_nested_html_lists_do_not_join_or_duplicate_parent_child_text" time="0.011" /><testcase classname="tests.test_material_parser_quality" name="test_html_section_numbering_preserves_suffix_and_source_text[\xa7 13.Oppryddingsplikt-\xa7 13]" time="0.003" /><testcase classname="tests.test_material_parser_quality" name="test_html_section_numbering_preserves_suffix_and_source_text[\xa7 13 a.Fellesansvar-\xa7 13 a]" time="0.003" /><testcase classname="tests.test_material_parser_quality" name="test_html_section_numbering_preserves_suffix_and_source_text[\xa7 13a. Fellesansvar-\xa7 13a]" time="0.004" /><testcase classname="tests.test_material_parser_quality" name="test_html_section_numbering_preserves_suffix_and_source_text[\xa7\xa013\xa0a. Fellesansvar-\xa7\xa013\xa0a]" time="0.003" /><testcase classname="tests.test_material_parser_quality" name="test_html_section_numbering_preserves_suffix_and_source_text[\xa7 13 a-\xa7 13 a]" time="0.004" /><testcase classname="tests.test_material_parser_quality" name="test_html_section_numbering_preserves_suffix_and_source_text[\xa7 13 avfall-\xa7 13]" time="0.003" /><testcase classname="tests.test_material_parser_quality" name="test_html_section_numbering_preserves_suffix_and_source_text[\xa7 130. Next section-\xa7 130]" time="0.003" /><testcase classname="tests.test_material_parser_quality" name="test_html_section_numbering_preserves_suffix_and_source_text[\xa7 13-1. Different numbering scheme-]" time="0.003" /><testcase classname="tests.test_material_parser_quality" name="test_html_section_numbering_preserves_suffix_and_source_text[1.2.3 Scope-1.2.3]" time="0.003" /><testcase classname="tests.test_material_parser_quality" name="test_html_section_numbering_preserves_suffix_and_source_text[Unnumbered title-]" time="0.002" /><testcase classname="tests.test_material_parser_quality" name="test_image_only_pdf_is_empty_with_original_and_unresolved_scope" time="0.031" /><testcase classname="tests.test_material_parser_quality" name="test_mixed_native_blank_pdf_is_partial_with_processed_and_usable_scope" time="0.063" /><testcase classname="tests.test_material_parser_quality" name="test_ruled_table_only_pdf_has_usable_content" time="0.041" /><testcase classname="tests.test_material_parser_quality" name="test_material_pdf_route_does_not_import_docling" time="0.037" /><testcase classname="tests.test_material_parser_quality" name="test_marker_order_keeps_exact_payload_and_nonmarker_order" time="0.000" /><testcase classname="tests.test_material_parser_quality" name="test_marker_pairing_keeps_two_column_body_order" time="0.000" /><testcase classname="tests.test_material_parser_quality" name="test_marker_pairing_abstains_at_unsupported_boundaries[distant_column]" time="0.000" /><testcase classname="tests.test_material_parser_quality" name="test_marker_pairing_abstains_at_unsupported_boundaries[different_row]" time="0.000" /><testcase classname="tests.test_material_parser_quality" name="test_marker_pairing_abstains_at_unsupported_boundaries[ambiguous_body]" time="0.000" /><testcase classname="tests.test_material_parser_quality" name="test_marker_pairing_abstains_at_unsupported_boundaries[table_boundary]" time="0.000" /><testcase classname="tests.test_material_parser_quality" name="test_marker_pairing_abstains_at_unsupported_boundaries[bare_number]" time="0.000" /><testcase classname="tests.test_material_parser_quality" name="test_paragraph_grouping_retains_numbering_critical_text_and_every_original_fragment" time="0.001" /><testcase classname="tests.test_material_parser_quality" name="test_paragraph_grouping_does_not_cross_independent_boundaries[sentence]" time="0.000" /><testcase classname="tests.test_material_parser_quality" name="test_paragraph_grouping_does_not_cross_independent_boundaries[gap]" time="0.000" /><testcase classname="tests.test_material_parser_quality" name="test_paragraph_grouping_does_not_cross_independent_boundaries[column]" time="0.000" /><testcase classname="tests.test_material_parser_quality" name="test_paragraph_grouping_does_not_cross_independent_boundaries[page]" time="0.000" /><testcase classname="tests.test_material_parser_quality" name="test_paragraph_grouping_does_not_cross_independent_boundaries[table]" time="0.000" /><testcase classname="tests.test_material_parser_quality" name="test_paragraph_grouping_does_not_cross_independent_boundaries[image]" time="0.000" /><testcase classname="tests.test_material_parser_quality" name="test_paragraph_grouping_does_not_cross_independent_boundaries[heading]" time="0.000" /><testcase classname="tests.test_material_parser_quality" name="test_paragraph_grouping_does_not_cross_independent_boundaries[margin]" time="0.000" /><testcase classname="tests.test_material_parser_quality" name="test_paragraph_grouping_does_not_cross_independent_boundaries[header_role]" time="0.000" /><testcase classname="tests.test_material_parser_quality" name="test_paragraph_grouping_does_not_cross_independent_boundaries[inline_marker]" time="0.000" /><testcase classname="tests.test_material_parser_quality" name="test_paragraph_grouping_does_not_cross_independent_boundaries[separate_marker]" time="0.000" /><testcase classname="tests.test_material_parser_quality" name="test_paragraph_grouping_does_not_cross_independent_boundaries[image_geometry]" time="0.000" /><testcase classname="tests.test_material_parser_quality" name="test_paragraph_grouping_does_not_cross_independent_boundaries[short_labels]" time="0.000" /><testcase classname="tests.test_material_parser_quality" name="test_pdf_group_artifact_round_trips_fragments_and_candidate_validates" time="0.037" /><testcase classname="tests.test_material_pdf_rows" name="test_source_exact_row_restores_condition_despite_different_glyph_heights" time="0.000" /><testcase classname="tests.test_material_pdf_rows" name="test_joiner_is_read_from_source_including_no_space_inside_a_word" time="0.000" /><testcase classname="tests.test_material_pdf_rows" name="test_unrepresented_source_content_is_never_deleted_to_make_a_row" time="0.000" /><testcase classname="tests.test_material_pdf_rows" name="test_adjacent_source_index_is_required_even_for_nearby_boxes" time="0.000" /><testcase classname="tests.test_material_pdf_rows" name="test_different_rows_columns_pages_and_overlapping_layers_stay_separate" time="0.000" /><testcase classname="tests.test_material_pdf_rows" name="test_table_image_and_marker_boundaries_are_not_joined" time="0.000" /><testcase classname="tests.test_material_pdf_rows" name="test_diagonal_chain_cannot_drift_into_another_line" time="0.000" /><testcase classname="tests.test_material_pdf_rows" name="test_real_pdf_candidate_restores_negation_row_with_reversible_source_evidence" time="0.068" /><testcase classname="tests.test_material_pdf_rows" name="test_original_order_read_failure_retains_positioned_text_and_visible_issue" time="0.067" /><testcase classname="tests.test_material_processor" name="test_unavailable_output_echoes_complete_frozen_binding" time="0.000" /><testcase classname="tests.test_material_processor" name="test_output_cannot_cross_material_revision_hash_request_or_scope[material_id-material-b]" time="0.000" /><testcase classname="tests.test_material_processor" name="test_output_cannot_cross_material_revision_hash_request_or_scope[input_revision-5]" time="0.000" /><testcase classname="tests.test_material_processor" name="test_output_cannot_cross_material_revision_hash_request_or_scope[input_hash-different-content]" time="0.000" /><testcase classname="tests.test_material_processor" name="test_output_cannot_cross_material_revision_hash_request_or_scope[request_id-other-request]" time="0.000" /><testcase classname="tests.test_material_processor" name="test_output_cannot_cross_material_revision_hash_request_or_scope[scope-value4]" time="0.000" /><testcase classname="tests.test_material_processor" name="test_output_rejects_stale_source_identity[source_id-TS002]" time="0.000" /><testcase classname="tests.test_material_processor" name="test_output_rejects_stale_source_identity[snapshot_id-TS001-002]" time="0.000" /><testcase classname="tests.test_material_processor" name="test_output_rejects_stale_source_identity[content_hash-bbbbbbbbbbbbbbbbbbbbbbbbbbbbbbbbbbbbbbbbbbbbbbbbbbbbbbbbbbbbbbbb]" time="0.000" /><testcase classname="tests.test_material_processor" name="test_run_states_remain_distinct_and_arbitrary_payload_never_auto_adopted[empty]" time="0.000" /><testcase classname="tests.test_material_processor" name="test_run_states_remain_distinct_and_arbitrary_payload_never_auto_adopted[partial]" time="0.000" /><testcase classname="tests.test_material_processor" name="test_run_states_remain_distinct_and_arbitrary_payload_never_auto_adopted[failed]" time="0.000" /><testcase classname="tests.test_material_processor" name="test_run_states_remain_distinct_and_arbitrary_payload_never_auto_adopted[unavailable]" time="0.000" /><testcase classname="tests.test_material_processor" name="test_run_states_remain_distinct_and_arbitrary_payload_never_auto_adopted[candidate]" time="0.000" /><testcase classname="tests.test_material_processor" name="test_input_hash_binds_scope_even_when_identical_blocks_are_selected" time="0.000" /><testcase classname="tests.test_material_provenance" name="test_old_adoption_provenance_survives_projection_reconstruction_without_history_rewrite" time="0.014" /><testcase classname="tests.test_material_provenance" name="test_cell_save_preserves_other_author_and_old_adoption_in_same_table" time="0.000" /><testcase classname="tests.test_material_provenance" name="test_structural_table_change_marks_whole_block_without_claiming_cell_correspondence" time="0.000" /><testcase classname="tests.test_material_provenance" name="test_new_adoption_stamps_only_pending_choice_not_unmodified_contributors" time="0.000" /><testcase classname="tests.test_material_provenance" name="test_direct_manual_merge_attributes_each_changed_block_and_preserves_other_fields" time="0.000" /><testcase classname="tests.test_material_read_performance" name="test_paged_projection_preserves_full_historical_and_candidate_details" time="0.039" /><testcase classname="tests.test_material_read_performance" name="test_material_search_and_pagination_use_all_materials" time="0.086" /><testcase classname="tests.test_material_read_performance" name="test_existing_history_gets_additive_projection_without_rewrite" time="0.017" /><testcase classname="tests.test_material_read_performance" name="test_reader_cache_rechecks_source_and_recovers_corrupt_cache" time="0.011" /><testcase classname="tests.test_material_read_performance" name="test_empty_excel_scope_remains_available" time="0.018" /><testcase classname="tests.test_material_read_performance" name="test_large_review_provenance_is_excluded_from_summary_transport" time="0.016" /><testcase classname="tests.test_material_read_performance" name="test_conflict_detail_is_bound_to_material_and_summary_has_no_rejected_body" time="0.015" /><testcase classname="tests.test_material_read_performance" name="test_missing_projection_is_rebuilt_even_with_current_marker" time="0.012" /><testcase classname="tests.test_material_read_performance" name="test_large_candidate_metadata_stays_in_detail_not_summary" time="0.115" /><testcase classname="tests.test_material_read_performance" name="test_shared_formula_followers_and_array_metadata_across_windows" time="0.016" /><testcase classname="tests.test_material_read_performance" name="test_reader_version_change_never_reuses_previous_semantics" time="0.005" /><testcase classname="tests.test_material_read_performance" name="test_candidate_extraction_summary_survives_projection_rebuild_without_rewriting_evidence" time="0.019" /><testcase classname="tests.test_material_read_performance" name="test_old_candidate_does_not_invent_processed_or_usable_scope" time="0.012" /><testcase classname="tests.test_material_reader_navigation" name="test_outline_uses_meaningful_content_and_preserves_all_legacy_anchors" time="0.007" /><testcase classname="tests.test_material_reader_navigation" name="test_lovdata_section_roots_open_document_title_not_site_navigation" time="0.005" /><testcase classname="tests.test_material_reader_navigation" name="test_unknown_template_without_headings_has_readable_content_fallback" time="0.004" /><testcase classname="tests.test_material_reader_navigation" name="test_ambiguous_profile_falls_back_without_hiding_either_document" time="0.003" /><testcase classname="tests.test_material_reader_parser" name="test_reader_rejects_changed_bytes_and_bounds" time="0.009" /><testcase classname="tests.test_material_reader_parser" name="test_excel_full_navigation_merge_formula_and_empty_hidden_scope" time="0.014" /><testcase classname="tests.test_material_reader_parser" name="test_html_complete_sanitized_selectable_and_stable_anchors" time="0.007" /><testcase classname="tests.test_material_reader_parser" name="test_parser_excel_keeps_far_cells_formulas_merges_and_original" time="0.016" /><testcase classname="tests.test_material_reader_parser" name="test_pdf_reader_and_parser_include_blank_scope_and_chunk_mapping" time="0.169" /><testcase classname="tests.test_material_reader_parser" name="test_pdf_partial_window_is_honest" time="0.042" /><testcase classname="tests.test_material_reader_parser" name="test_pdf_ruled_table_and_image_remain_structural_candidates" time="0.049" /><testcase classname="tests.test_material_reader_resolution" name="test_real_pdf_resizes_only_selected_page_and_preserves_original" time="0.106" /><testcase classname="tests.test_material_reader_resolution" name="test_actual_bitmap_honors_dimension_and_area_caps[size0]" time="0.240" /><testcase classname="tests.test_material_reader_resolution" name="test_actual_bitmap_honors_dimension_and_area_caps[size1]" time="0.100" /><testcase classname="tests.test_material_reader_resolution" name="test_actual_bitmap_honors_dimension_and_area_caps[size2]" time="0.103" /><testcase classname="tests.test_material_reader_resolution" name="test_actual_bitmap_honors_dimension_and_area_caps[size3]" time="0.007" /><testcase classname="tests.test_material_reader_resolution" name="test_invalid_width_rejected_before_source_or_cache_access[0]" time="0.001" /><testcase classname="tests.test_material_reader_resolution" name="test_invalid_width_rejected_before_source_or_cache_access[-1]" time="0.001" /><testcase classname="tests.test_material_reader_resolution" name="test_invalid_width_rejected_before_source_or_cache_access[32769]" time="0.001" /><testcase classname="tests.test_material_reader_resolution" name="test_invalid_width_rejected_before_source_or_cache_access[10000000000000000000000000000000000000000000000000000000000000000000000000000000000000000000000000000]" time="0.001" /><testcase classname="tests.test_material_reader_resolution" name="test_invalid_width_rejected_before_source_or_cache_access[True]" time="0.001" /><testcase classname="tests.test_material_reader_resolution" name="test_invalid_width_rejected_before_source_or_cache_access[False]" time="0.001" /><testcase classname="tests.test_material_reader_resolution" name="test_invalid_width_rejected_before_source_or_cache_access[1.5]" time="0.001" /><testcase classname="tests.test_material_reader_resolution" name="test_invalid_width_rejected_before_source_or_cache_access[1024]" time="0.001" /><testcase classname="tests.test_material_reader_resolution" name="test_invalid_width_rejected_before_source_or_cache_access[]" time="0.001" /><testcase classname="tests.test_material_reader_resolution" name="test_invalid_width_rejected_before_source_or_cache_access[invalid9]" time="0.001" /><testcase classname="tests.test_material_reader_resolution" name="test_invalid_width_rejected_before_source_or_cache_access[invalid10]" time="0.001" /><testcase classname="tests.test_material_reader_resolution" name="test_normalized_cache_does_not_reuse_wrong_request_or_wrong_version" time="0.044" /><testcase classname="tests.test_material_service" name="test_open_read_save_confirm_are_not_parser_triggers" time="0.029" /><testcase classname="tests.test_material_service" name="test_source_replacement_keeps_pinned_original_and_human_history" time="0.030" /><testcase classname="tests.test_material_service" name="test_explicit_extract_runs_real_html_parser_candidate_only_and_retries" time="0.028" /><testcase classname="tests.test_material_service" name="test_worker_failure_keeps_saved_draft_and_explicit_retry" time="0.030" /><testcase classname="tests.test_material_service" name="test_source_unavailability_preserves_save_but_blocks_confirmation" time="0.016" /><testcase classname="tests.test_material_service" name="test_corrupt_pinned_original_blocks_reader_extract_and_confirmation" time="0.015" /><testcase classname="tests.test_material_service" name="test_store_open_receipt_retains_original_identity_after_upstream_change" time="0.020" /><testcase classname="tests.test_material_service" name="test_source_open_issue_without_legacy_id_blocks_confirmation_only_for_its_source" time="0.022" /><testcase classname="tests.test_material_service" name="test_explicit_legacy_service_import_preserves_effective_text_and_unresolved_issue" time="0.047" /><testcase classname="tests.test_material_service" name="test_source_timeout_preserves_partial_save_and_blocks_confirmation" time="0.015" /><testcase classname="tests.test_material_service" name="test_empty_parser_result_remains_repairable_without_claiming_complete" time="0.027" /><testcase classname="tests.test_material_service" name="test_partial_scope_evidence_survives_worker_restart_and_keeps_human_overlay" time="0.034" /><testcase classname="tests.test_materials" name="test_durable_save_reopen_and_material_isolation" time="0.016" /><testcase classname="tests.test_materials" name="test_concurrent_save_preserves_rejected_draft_and_receipt" time="0.015" /><testcase classname="tests.test_materials" name="test_confirmation_requires_all_original_ranges_and_human" time="0.013" /><testcase classname="tests.test_materials" name="test_unresolved_issue_and_association_review_guards" time="0.013" /><testcase classname="tests.test_materials" name="test_extract_never_replaces_human_content_or_confirmation" time="0.024" /><testcase classname="tests.test_materials" name="test_stale_processing_result_can_be_kept_but_not_adopted" time="0.014" /><testcase classname="tests.test_materials" name="test_partial_failure_restart_and_cross_material_binding" time="0.016" /><testcase classname="tests.test_materials" name="test_source_revision_preserves_human_versions_and_legacy_store" time="0.018" /><testcase classname="tests.test_materials" name="test_editor_structure_table_image_and_dependency_checks" time="0.001" /><testcase classname="tests.test_materials" name="test_future_contract_unavailable_and_confirmed_input_boundary" time="0.013" /><testcase classname="tests.test_materials" name="test_metadata_only_source_observation_and_historical_read" time="0.013" /><testcase classname="tests.test_materials" name="test_process_rejection_and_legacy_import_are_explicit" time="0.015" /><testcase classname="tests.test_materials" name="test_failed_candidate_and_pending_resume" time="0.016" /><testcase classname="tests.test_materials" name="test_simultaneous_writers_only_one_applies_and_other_draft_survives" time="0.018" /><testcase classname="tests.test_materials" name="test_changed_save_invalidates_affected_scope_not_empty_unaffected_page" time="0.014" /><testcase classname="tests.test_materials" name="test_first_candidate_is_editable_personal_draft_without_review" time="0.015" /></testsuite></testsuites>